16:35:57 **** Incremental Build of configuration Debug for project testing ****
make all 
make: Nothing to be done for `all'.
11:25:58 **** Incremental Build of configuration Debug for project testing ****
make all 
Building file: ../src/testing.cpp
Invoking: GCC C++ Compiler
g++ -O0 -g3 -Wall -c -fmessage-length=0 -MMD -MP -MF"src/testing.d" -MT"src/testing.o" -o "src/testing.o" "../src/testing.cpp"
Finished building: ../src/testing.cpp
 
Building target: testing
Invoking: MacOS X C++ Linker
g++  -o "testing"  ./src/testing.o   
Undefined symbols for architecture arm64:
  "name1::foo()", referenced from:
      _main in testing.o
ld: symbol(s) not found for architecture arm64
clang: error: linker command failed with exit code 1 (use -v to see invocation)
make: *** [testing] Error 1
"make all" terminated with exit code 2. Build might be incomplete.
11:27:02 **** Incremental Build of configuration Debug for project testing ****
make all 
Building file: ../src/testing.cpp
Invoking: GCC C++ Compiler
g++ -O0 -g3 -Wall -c -fmessage-length=0 -MMD -MP -MF"src/testing.d" -MT"src/testing.o" -o "src/testing.o" "../src/testing.cpp"
Finished building: ../src/testing.cpp
 
Building target: testing
Invoking: MacOS X C++ Linker
g++  -o "testing"  ./src/testing.o   
Undefined symbols for architecture arm64:
  "name1::foo()", referenced from:
      _main in testing.o
ld: symbol(s) not found for architecture arm64
clang: error: linker command failed with exit code 1 (use -v to see invocation)
make: *** [testing] Error 1
"make all" terminated with exit code 2. Build might be incomplete.
11:27:04 **** Incremental Build of configuration Debug for project testing ****
make all 
Building target: testing
Invoking: MacOS X C++ Linker
g++  -o "testing"  ./src/testing.o   
Undefined symbols for architecture arm64:
  "name1::foo()", referenced from:
      _main in testing.o
ld: symbol(s) not found for architecture arm64
clang: error: linker command failed with exit code 1 (use -v to see invocation)
make: *** [testing] Error 1
"make all" terminated with exit code 2. Build might be incomplete.
11:27:44 **** Incremental Build of configuration Debug for project testing ****
make all 
Building file: ../src/testing.cpp
Invoking: GCC C++ Compiler
g++ -O0 -g3 -Wall -c -fmessage-length=0 -MMD -MP -MF"src/testing.d" -MT"src/testing.o" -o "src/testing.o" "../src/testing.cpp"
Finished building: ../src/testing.cpp
 
Building target: testing
Invoking: MacOS X C++ Linker
g++  -o "testing"  ./src/testing.o   
Undefined symbols for architecture arm64:
  "name1::foo()", referenced from:
      _main in testing.o
ld: symbol(s) not found for architecture arm64
clang: error: linker command failed with exit code 1 (use -v to see invocation)
make: *** [testing] Error 1
"make all" terminated with exit code 2. Build might be incomplete.
11:28:00 **** Incremental Build of configuration Debug for project testing ****
make all 
Building target: testing
Invoking: MacOS X C++ Linker
g++  -o "testing"  ./src/testing.o   
Undefined symbols for architecture arm64:
  "name1::foo()", referenced from:
      _main in testing.o
ld: symbol(s) not found for architecture arm64
clang: error: linker command failed with exit code 1 (use -v to see invocation)
make: *** [testing] Error 1
"make all" terminated with exit code 2. Build might be incomplete.
11:28:43 **** Incremental Build of configuration Debug for project testing ****
make all 
Building file: ../src/testing.cpp
Invoking: GCC C++ Compiler
g++ -O0 -g3 -Wall -c -fmessage-length=0 -MMD -MP -MF"src/testing.d" -MT"src/testing.o" -o "src/testing.o" "../src/testing.cpp"
../src/testing.cpp:11:10: fatal error: 'header.h' file not found
#include "header.h"
         ^~~~~~~~~~
1 error generated.
make: *** [src/testing.o] Error 1
"make all" terminated with exit code 2. Build might be incomplete.
11:30:01 **** Incremental Build of configuration Debug for project testing ****
make all 
Building file: ../src/testing.cpp
Invoking: GCC C++ Compiler
g++ -O0 -g3 -Wall -c -fmessage-length=0 -MMD -MP -MF"src/testing.d" -MT"src/testing.o" -o "src/testing.o" "../src/testing.cpp"
Finished building: ../src/testing.cpp
 
Building target: testing
Invoking: MacOS X C++ Linker
g++  -o "testing"  ./src/testing.o   
Undefined symbols for architecture arm64:
  "name1::foo()", referenced from:
      _main in testing.o
ld: symbol(s) not found for architecture arm64
clang: error: linker command failed with exit code 1 (use -v to see invocation)
make: *** [testing] Error 1
"make all" terminated with exit code 2. Build might be incomplete.
11:30:40 **** Incremental Build of configuration Debug for project testing ****
make all 
Building file: ../src/testing.cpp
Invoking: GCC C++ Compiler
g++ -O0 -g3 -Wall -c -fmessage-length=0 -MMD -MP -MF"src/testing.d" -MT"src/testing.o" -o "src/testing.o" "../src/testing.cpp"
Finished building: ../src/testing.cpp
 
Building target: testing
Invoking: MacOS X C++ Linker
g++  -o "testing"  ./src/testing.o   
Undefined symbols for architecture arm64:
  "name1::foo()", referenced from:
      _main in testing.o
ld: symbol(s) not found for architecture arm64
clang: error: linker command failed with exit code 1 (use -v to see invocation)
make: *** [testing] Error 1
"make all" terminated with exit code 2. Build might be incomplete.
11:30:44 **** Incremental Build of configuration Debug for project testing ****
make all 
Building target: testing
Invoking: MacOS X C++ Linker
g++  -o "testing"  ./src/testing.o   
Undefined symbols for architecture arm64:
  "name1::foo()", referenced from:
      _main in testing.o
ld: symbol(s) not found for architecture arm64
clang: error: linker command failed with exit code 1 (use -v to see invocation)
make: *** [testing] Error 1
"make all" terminated with exit code 2. Build might be incomplete.
11:31:39 **** Incremental Build of configuration Debug for project testing ****
make all 
Building file: ../src/testing.cpp
Invoking: GCC C++ Compiler
g++ -O0 -g3 -Wall -c -fmessage-length=0 -MMD -MP -MF"src/testing.d" -MT"src/testing.o" -o "src/testing.o" "../src/testing.cpp"
Finished building: ../src/testing.cpp
 
Building target: testing
Invoking: MacOS X C++ Linker
g++  -o "testing"  ./src/testing.o   
Finished building target: testing
 
11:31:40 **** Incremental Build of configuration Debug for project testing ****
make all 
make: Nothing to be done for `all'.
11:32:02 **** Incremental Build of configuration Debug for project testing ****
make all 
Building file: ../src/testing.cpp
Invoking: GCC C++ Compiler
g++ -O0 -g3 -Wall -c -fmessage-length=0 -MMD -MP -MF"src/testing.d" -MT"src/testing.o" -o "src/testing.o" "../src/testing.cpp"
Finished building: ../src/testing.cpp
 
Building target: testing
Invoking: MacOS X C++ Linker
g++  -o "testing"  ./src/testing.o   
Finished building target: testing
 
11:32:04 **** Incremental Build of configuration Debug for project testing ****
make all 
make: Nothing to be done for `all'.
11:32:33 **** Incremental Build of configuration Debug for project testing ****
make all 
Building file: ../src/testing.cpp
Invoking: GCC C++ Compiler
g++ -O0 -g3 -Wall -c -fmessage-length=0 -MMD -MP -MF"src/testing.d" -MT"src/testing.o" -o "src/testing.o" "../src/testing.cpp"
../src/testing.cpp:34:2: error: call to 'foo' is ambiguous
        foo();
        ^~~
../src/testing.cpp:14:7: note: candidate function
        void foo(){
             ^
../src/testing.cpp:21:7: note: candidate function
        void foo(){
             ^
1 error generated.
make: *** [src/testing.o] Error 1
"make all" terminated with exit code 2. Build might be incomplete.
11:33:28 **** Incremental Build of configuration Debug for project testing ****
make all 
Building file: ../src/testing.cpp
Invoking: GCC C++ Compiler
g++ -O0 -g3 -Wall -c -fmessage-length=0 -MMD -MP -MF"src/testing.d" -MT"src/testing.o" -o "src/testing.o" "../src/testing.cpp"
Finished building: ../src/testing.cpp
 
Building target: testing
Invoking: MacOS X C++ Linker
g++  -o "testing"  ./src/testing.o   
Finished building target: testing
 
11:33:29 **** Incremental Build of configuration Debug for project testing ****
make all 
make: Nothing to be done for `all'.
12:58:40 **** Incremental Build of configuration Debug for project testing ****
make all 
Building file: ../src/testing.cpp
Invoking: GCC C++ Compiler
g++ -O0 -g3 -Wall -c -fmessage-length=0 -MMD -MP -MF"src/testing.d" -MT"src/testing.o" -o "src/testing.o" "../src/testing.cpp"
../src/testing.cpp:27:6: warning: unused variable 'income' [-Wunused-variable]
        int income = number;
            ^
../src/testing.cpp:51:54: error: reference to non-static member function must be called; did you mean to call it with no arguments?
        cout << "\nIs your income equals to: " << character.getIncome << "\n?";
                                                  ~~~~~~~~~~^~~~~~~~~
                                                                     ()
1 warning and 1 error generated.
make: *** [src/testing.o] Error 1
"make all" terminated with exit code 2. Build might be incomplete.
12:58:55 **** Incremental Build of configuration Debug for project testing ****
make all 
Building file: ../src/testing.cpp
Invoking: GCC C++ Compiler
g++ -O0 -g3 -Wall -c -fmessage-length=0 -MMD -MP -MF"src/testing.d" -MT"src/testing.o" -o "src/testing.o" "../src/testing.cpp"
../src/testing.cpp:27:6: warning: unused variable 'income' [-Wunused-variable]
        int income = number;
            ^
1 warning generated.
Finished building: ../src/testing.cpp
 
Building target: testing
Invoking: MacOS X C++ Linker
g++  -o "testing"  ./src/testing.o   
Finished building target: testing
 
12:59:18 **** Incremental Build of configuration Debug for project testing ****
make all 
make: Nothing to be done for `all'.
12:59:48 **** Incremental Build of configuration Debug for project testing ****
make all 
make: Nothing to be done for `all'.
13:00:02 **** Incremental Build of configuration Debug for project testing ****
make all 
Building file: ../src/testing.cpp
Invoking: GCC C++ Compiler
g++ -O0 -g3 -Wall -c -fmessage-length=0 -MMD -MP -MF"src/testing.d" -MT"src/testing.o" -o "src/testing.o" "../src/testing.cpp"
../src/testing.cpp:27:6: warning: unused variable 'income' [-Wunused-variable]
        int income = number;
            ^
1 warning generated.
Finished building: ../src/testing.cpp
 
Building target: testing
Invoking: MacOS X C++ Linker
g++  -o "testing"  ./src/testing.o   
Finished building target: testing
 
13:00:05 **** Incremental Build of configuration Debug for project testing ****
make all 
make: Nothing to be done for `all'.
13:01:22 **** Incremental Build of configuration Debug for project testing ****
make all 
make: Nothing to be done for `all'.
13:01:24 **** Incremental Build of configuration Debug for project testing ****
make all 
make: Nothing to be done for `all'.
13:02:57 **** Incremental Build of configuration Debug for project testing ****
make all 
Building file: ../src/testing.cpp
Invoking: GCC C++ Compiler
g++ -O0 -g3 -Wall -c -fmessage-length=0 -MMD -MP -MF"src/testing.d" -MT"src/testing.o" -o "src/testing.o" "../src/testing.cpp"
Finished building: ../src/testing.cpp
 
Building target: testing
Invoking: MacOS X C++ Linker
g++  -o "testing"  ./src/testing.o   
Finished building target: testing
 
13:02:58 **** Incremental Build of configuration Debug for project testing ****
make all 
make: Nothing to be done for `all'.
13:04:01 **** Incremental Build of configuration Debug for project testing ****
make all 
Building file: ../src/testing.cpp
Invoking: GCC C++ Compiler
g++ -O0 -g3 -Wall -c -fmessage-length=0 -MMD -MP -MF"src/testing.d" -MT"src/testing.o" -o "src/testing.o" "../src/testing.cpp"
Finished building: ../src/testing.cpp
 
Building target: testing
Invoking: MacOS X C++ Linker
g++  -o "testing"  ./src/testing.o   
Finished building target: testing
 
13:04:02 **** Incremental Build of configuration Debug for project testing ****
make all 
make: Nothing to be done for `all'.
13:05:37 **** Incremental Build of configuration Debug for project testing ****
make all 
Building file: ../src/testing.cpp
Invoking: GCC C++ Compiler
g++ -O0 -g3 -Wall -c -fmessage-length=0 -MMD -MP -MF"src/testing.d" -MT"src/testing.o" -o "src/testing.o" "../src/testing.cpp"
Finished building: ../src/testing.cpp
 
Building target: testing
Invoking: MacOS X C++ Linker
g++  -o "testing"  ./src/testing.o   
Finished building target: testing
 
13:05:37 **** Incremental Build of configuration Debug for project testing ****
make all 
make: Nothing to be done for `all'.
13:06:16 **** Incremental Build of configuration Debug for project testing ****
make all 
Building file: ../src/testing.cpp
Invoking: GCC C++ Compiler
g++ -O0 -g3 -Wall -c -fmessage-length=0 -MMD -MP -MF"src/testing.d" -MT"src/testing.o" -o "src/testing.o" "../src/testing.cpp"
Finished building: ../src/testing.cpp
 
Building target: testing
Invoking: MacOS X C++ Linker
g++  -o "testing"  ./src/testing.o   
Finished building target: testing
 
13:06:17 **** Incremental Build of configuration Debug for project testing ****
make all 
make: Nothing to be done for `all'.
16:05:19 **** Incremental Build of configuration Debug for project testing ****
make all 
Building file: ../src/testing.cpp
Invoking: GCC C++ Compiler
g++ -O0 -g3 -Wall -c -fmessage-length=0 -MMD -MP -MF"src/testing.d" -MT"src/testing.o" -o "src/testing.o" "../src/testing.cpp"
Finished building: ../src/testing.cpp
 
Building target: testing
Invoking: MacOS X C++ Linker
g++  -o "testing"  ./src/testing.o   
Undefined symbols for architecture arm64:
  "myClass::myClass()", referenced from:
      _main in testing.o
  "myClass::~myClass()", referenced from:
      _main in testing.o
ld: symbol(s) not found for architecture arm64
clang: error: linker command failed with exit code 1 (use -v to see invocation)
make: *** [testing] Error 1
"make all" terminated with exit code 2. Build might be incomplete.
17:08:04 **** Incremental Build of configuration Debug for project testing ****
make all 
Building file: ../src/testing.cpp
Invoking: GCC C++ Compiler
g++ -O0 -g3 -Wall -c -fmessage-length=0 -MMD -MP -MF"src/testing.d" -MT"src/testing.o" -o "src/testing.o" "../src/testing.cpp"
Finished building: ../src/testing.cpp
 
Building target: testing
Invoking: MacOS X C++ Linker
g++  -o "testing"  ./src/testing.o   
Undefined symbols for architecture arm64:
  "myClass::~myClass()", referenced from:
      _main in testing.o
ld: symbol(s) not found for architecture arm64
clang: error: linker command failed with exit code 1 (use -v to see invocation)
make: *** [testing] Error 1
"make all" terminated with exit code 2. Build might be incomplete.
17:08:47 **** Incremental Build of configuration Debug for project testing ****
make all 
Building file: ../src/testing.cpp
Invoking: GCC C++ Compiler
g++ -O0 -g3 -Wall -c -fmessage-length=0 -MMD -MP -MF"src/testing.d" -MT"src/testing.o" -o "src/testing.o" "../src/testing.cpp"
../src/testing.cpp:17:7: warning: private field 'age' is not used [-Wunused-private-field]
                int age;
                    ^
1 warning generated.
Finished building: ../src/testing.cpp
 
Building target: testing
Invoking: MacOS X C++ Linker
g++  -o "testing"  ./src/testing.o   
Finished building target: testing
 
17:09:02 **** Incremental Build of configuration Debug for project testing ****
make all 
Building file: ../src/testing.cpp
Invoking: GCC C++ Compiler
g++ -O0 -g3 -Wall -c -fmessage-length=0 -MMD -MP -MF"src/testing.d" -MT"src/testing.o" -o "src/testing.o" "../src/testing.cpp"
Finished building: ../src/testing.cpp
 
Building target: testing
Invoking: MacOS X C++ Linker
g++  -o "testing"  ./src/testing.o   
Finished building target: testing
 
17:09:09 **** Incremental Build of configuration Debug for project testing ****
make all 
Building file: ../src/testing.cpp
Invoking: GCC C++ Compiler
g++ -O0 -g3 -Wall -c -fmessage-length=0 -MMD -MP -MF"src/testing.d" -MT"src/testing.o" -o "src/testing.o" "../src/testing.cpp"
../src/testing.cpp:17:7: warning: private field 'age' is not used [-Wunused-private-field]
                int age;
                    ^
1 warning generated.
Finished building: ../src/testing.cpp
 
Building target: testing
Invoking: MacOS X C++ Linker
g++  -o "testing"  ./src/testing.o   
Finished building target: testing
 
17:10:09 **** Incremental Build of configuration Debug for project testing ****
make all 
Building file: ../src/testing.cpp
Invoking: GCC C++ Compiler
g++ -O0 -g3 -Wall -c -fmessage-length=0 -MMD -MP -MF"src/testing.d" -MT"src/testing.o" -o "src/testing.o" "../src/testing.cpp"
Finished building: ../src/testing.cpp
 
Building target: testing
Invoking: MacOS X C++ Linker
g++  -o "testing"  ./src/testing.o   
Finished building target: testing
 
17:10:12 **** Incremental Build of configuration Debug for project testing ****
make all 
make: Nothing to be done for `all'.
17:10:43 **** Incremental Build of configuration Debug for project testing ****
make all 
Building file: ../src/testing.cpp
Invoking: GCC C++ Compiler
g++ -O0 -g3 -Wall -c -fmessage-length=0 -MMD -MP -MF"src/testing.d" -MT"src/testing.o" -o "src/testing.o" "../src/testing.cpp"
Finished building: ../src/testing.cpp
 
Building target: testing
Invoking: MacOS X C++ Linker
g++  -o "testing"  ./src/testing.o   
Finished building target: testing
 
17:10:44 **** Incremental Build of configuration Debug for project testing ****
make all 
make: Nothing to be done for `all'.
17:10:53 **** Incremental Build of configuration Debug for project testing ****
make all 
Building file: ../src/testing.cpp
Invoking: GCC C++ Compiler
g++ -O0 -g3 -Wall -c -fmessage-length=0 -MMD -MP -MF"src/testing.d" -MT"src/testing.o" -o "src/testing.o" "../src/testing.cpp"
Finished building: ../src/testing.cpp
 
Building target: testing
Invoking: MacOS X C++ Linker
g++  -o "testing"  ./src/testing.o   
Finished building target: testing
 
17:10:54 **** Incremental Build of configuration Debug for project testing ****
make all 
make: Nothing to be done for `all'.
19:33:47 **** Incremental Build of configuration Debug for project testing ****
make all 
Building file: ../src/testing.cpp
Invoking: GCC C++ Compiler
g++ -O0 -g3 -Wall -c -fmessage-length=0 -MMD -MP -MF"src/testing.d" -MT"src/testing.o" -o "src/testing.o" "../src/testing.cpp"
Finished building: ../src/testing.cpp
 
Building target: testing
Invoking: MacOS X C++ Linker
g++  -o "testing"  ./src/testing.o   
Finished building target: testing
 
19:33:49 **** Incremental Build of configuration Debug for project testing ****
make all 
make: Nothing to be done for `all'.
00:14:18 **** Incremental Build of configuration Debug for project testing ****
make all 
Building file: ../src/testing.cpp
Invoking: GCC C++ Compiler
g++ -O0 -g3 -Wall -c -fmessage-length=0 -MMD -MP -MF"src/testing.d" -MT"src/testing.o" -o "src/testing.o" "../src/testing.cpp"
../src/testing.cpp:40:10: error: redefinition of 'myClass'
myClass::myClass(){
         ^
../src/testing.cpp:21:3: note: previous definition is here
                myClass(){
                ^
../src/testing.cpp:45:10: error: no matching constructor for initialization of 'myClass'
        myClass character;
                ^
../src/testing.cpp:13:7: note: candidate constructor (the implicit copy constructor) not viable: requires 1 argument, but 0 were provided
class myClass{
      ^
2 errors generated.
make: *** [src/testing.o] Error 1
"make all" terminated with exit code 2. Build might be incomplete.
00:15:30 **** Incremental Build of configuration Debug for project testing ****
make all 
Building file: ../src/testing.cpp
Invoking: GCC C++ Compiler
g++ -O0 -g3 -Wall -c -fmessage-length=0 -MMD -MP -MF"src/testing.d" -MT"src/testing.o" -o "src/testing.o" "../src/testing.cpp"
Finished building: ../src/testing.cpp
 
Building target: testing
Invoking: MacOS X C++ Linker
g++  -o "testing"  ./src/testing.o   
Finished building target: testing
 
00:15:31 **** Incremental Build of configuration Debug for project testing ****
make all 
make: Nothing to be done for `all'.
00:17:29 **** Incremental Build of configuration Debug for project testing ****
make all 
Building file: ../src/testing.cpp
Invoking: GCC C++ Compiler
g++ -O0 -g3 -Wall -c -fmessage-length=0 -MMD -MP -MF"src/testing.d" -MT"src/testing.o" -o "src/testing.o" "../src/testing.cpp"
../src/testing.cpp:21:15: warning: defaulted function definitions are a C++11 extension [-Wc++11-extensions]
                myClass() = default;
                            ^
1 warning generated.
Finished building: ../src/testing.cpp
 
Building target: testing
Invoking: MacOS X C++ Linker
g++  -o "testing"  ./src/testing.o   
Finished building target: testing
 
19:38:54 **** Incremental Build of configuration Debug for project testing ****
make all 
Building file: ../src/testing.cpp
Invoking: GCC C++ Compiler
g++ -O0 -g3 -Wall -c -fmessage-length=0 -MMD -MP -MF"src/testing.d" -MT"src/testing.o" -o "src/testing.o" "../src/testing.cpp"
Finished building: ../src/testing.cpp
 
Building target: testing
Invoking: MacOS X C++ Linker
g++  -o "testing"  ./src/testing.o   
Undefined symbols for architecture arm64:
  "myClass::myClass()", referenced from:
      _main in testing.o
ld: symbol(s) not found for architecture arm64
clang: error: linker command failed with exit code 1 (use -v to see invocation)
make: *** [testing] Error 1
"make all" terminated with exit code 2. Build might be incomplete.
19:39:50 **** Incremental Build of configuration Debug for project testing ****
make all 
Building file: ../src/testing.cpp
Invoking: GCC C++ Compiler
g++ -O0 -g3 -Wall -c -fmessage-length=0 -MMD -MP -MF"src/testing.d" -MT"src/testing.o" -o "src/testing.o" "../src/testing.cpp"
../src/testing.cpp:40:8: error: called object type 'int' is not a function or function pointer
        income(income);
        ~~~~~~^
../src/testing.cpp:41:2: error: type 'std::string' (aka 'basic_string<char, char_traits<char>, allocator<char> >') does not provide a call operator
        name(name);
        ^~~~
../src/testing.cpp:42:2: error: type 'std::string' (aka 'basic_string<char, char_traits<char>, allocator<char> >') does not provide a call operator
        gender(gender);
        ^~~~~~
3 errors generated.
make: *** [src/testing.o] Error 1
"make all" terminated with exit code 2. Build might be incomplete.
19:45:16 **** Incremental Build of configuration Debug for project testing ****
make all 
Building file: ../src/testing.cpp
Invoking: GCC C++ Compiler
g++ -O0 -g3 -Wall -c -fmessage-length=0 -MMD -MP -MF"src/testing.d" -MT"src/testing.o" -o "src/testing.o" "../src/testing.cpp"
../src/testing.cpp:35:8: error: called object type 'int' is not a function or function pointer
        income(income);
        ~~~~~~^
../src/testing.cpp:36:2: error: type 'std::string' (aka 'basic_string<char, char_traits<char>, allocator<char> >') does not provide a call operator
        name(name);
        ^~~~
../src/testing.cpp:37:2: error: type 'std::string' (aka 'basic_string<char, char_traits<char>, allocator<char> >') does not provide a call operator
        gender(gender);
        ^~~~~~
../src/testing.cpp:41:10: error: no matching constructor for initialization of 'myClass'
        myClass character;
                ^
../src/testing.cpp:13:7: note: candidate constructor (the implicit copy constructor) not viable: requires 1 argument, but 0 were provided
class myClass{
      ^
../src/testing.cpp:34:10: note: candidate constructor not viable: requires 3 arguments, but 0 were provided
myClass::myClass(int income, string name, string gender){
         ^
4 errors generated.
make: *** [src/testing.o] Error 1
"make all" terminated with exit code 2. Build might be incomplete.
19:47:28 **** Incremental Build of configuration Debug for project testing ****
make all 
Building file: ../src/testing.cpp
Invoking: GCC C++ Compiler
g++ -O0 -g3 -Wall -c -fmessage-length=0 -MMD -MP -MF"src/testing.d" -MT"src/testing.o" -o "src/testing.o" "../src/testing.cpp"
../src/testing.cpp:35:6: error: member reference type 'myClass *' is a pointer; did you mean to use '->'?
        this.income = income;
        ~~~~^
            ->
../src/testing.cpp:36:6: error: member reference type 'myClass *' is a pointer; did you mean to use '->'?
        this.name = name;
        ~~~~^
            ->
../src/testing.cpp:37:6: error: member reference type 'myClass *' is a pointer; did you mean to use '->'?
        this.gender = gender;
        ~~~~^
            ->
../src/testing.cpp:41:10: error: no matching constructor for initialization of 'myClass'
        myClass character;
                ^
../src/testing.cpp:13:7: note: candidate constructor (the implicit copy constructor) not viable: requires 1 argument, but 0 were provided
class myClass{
      ^
../src/testing.cpp:34:10: note: candidate constructor not viable: requires 3 arguments, but 0 were provided
myClass::myClass(int income, string name, string gender){
         ^
4 errors generated.
make: *** [src/testing.o] Error 1
"make all" terminated with exit code 2. Build might be incomplete.
19:47:54 **** Incremental Build of configuration Debug for project testing ****
make all 
Building file: ../src/testing.cpp
Invoking: GCC C++ Compiler
g++ -O0 -g3 -Wall -c -fmessage-length=0 -MMD -MP -MF"src/testing.d" -MT"src/testing.o" -o "src/testing.o" "../src/testing.cpp"
../src/testing.cpp:41:10: error: no matching constructor for initialization of 'myClass'
        myClass character;
                ^
../src/testing.cpp:13:7: note: candidate constructor (the implicit copy constructor) not viable: requires 1 argument, but 0 were provided
class myClass{
      ^
../src/testing.cpp:34:10: note: candidate constructor not viable: requires 3 arguments, but 0 were provided
myClass::myClass(int income, string name, string gender){
         ^
1 error generated.
make: *** [src/testing.o] Error 1
"make all" terminated with exit code 2. Build might be incomplete.
19:48:50 **** Incremental Build of configuration Debug for project testing ****
make all 
Building file: ../src/testing.cpp
Invoking: GCC C++ Compiler
g++ -O0 -g3 -Wall -c -fmessage-length=0 -MMD -MP -MF"src/testing.d" -MT"src/testing.o" -o "src/testing.o" "../src/testing.cpp"
../src/testing.cpp:41:10: error: no matching constructor for initialization of 'myClass'
        myClass character;
                ^
../src/testing.cpp:13:7: note: candidate constructor (the implicit copy constructor) not viable: requires 1 argument, but 0 were provided
class myClass{
      ^
../src/testing.cpp:34:10: note: candidate constructor not viable: requires 3 arguments, but 0 were provided
myClass::myClass(int income, string name, string gender){
         ^
1 error generated.
make: *** [src/testing.o] Error 1
"make all" terminated with exit code 2. Build might be incomplete.
19:49:15 **** Incremental Build of configuration Debug for project testing ****
make all 
Building file: ../src/testing.cpp
Invoking: GCC C++ Compiler
g++ -O0 -g3 -Wall -c -fmessage-length=0 -MMD -MP -MF"src/testing.d" -MT"src/testing.o" -o "src/testing.o" "../src/testing.cpp"
Finished building: ../src/testing.cpp
 
Building target: testing
Invoking: MacOS X C++ Linker
g++  -o "testing"  ./src/testing.o   
Finished building target: testing
 
19:49:31 **** Incremental Build of configuration Debug for project testing ****
make all 
make: Nothing to be done for `all'.
19:50:06 **** Incremental Build of configuration Debug for project testing ****
make all 
Building file: ../src/testing.cpp
Invoking: GCC C++ Compiler
g++ -O0 -g3 -Wall -c -fmessage-length=0 -MMD -MP -MF"src/testing.d" -MT"src/testing.o" -o "src/testing.o" "../src/testing.cpp"
../src/testing.cpp:27:9: error: cannot assign to non-static data member 'income' with const-qualified type 'const int'
        income = number;
        ~~~~~~ ^
../src/testing.cpp:16:13: note: non-static data member 'income' declared const here
                const int income;
                ~~~~~~~~~~^~~~~~
../src/testing.cpp:34:10: error: constructor for 'myClass' must explicitly initialize the const member 'income'
myClass::myClass(int income, string name, string gender){
         ^
../src/testing.cpp:16:13: note: declared here
                const int income;
                          ^
../src/testing.cpp:35:15: error: cannot assign to non-static data member 'income' with const-qualified type 'const int'
        this->income = income;
        ~~~~~~~~~~~~ ^
../src/testing.cpp:16:13: note: non-static data member 'income' declared const here
                const int income;
                ~~~~~~~~~~^~~~~~
3 errors generated.
make: *** [src/testing.o] Error 1
"make all" terminated with exit code 2. Build might be incomplete.
20:27:07 **** Incremental Build of configuration Debug for project testing ****
make all 
Building file: ../src/testing.cpp
Invoking: GCC C++ Compiler
g++ -O0 -g3 -Wall -c -fmessage-length=0 -MMD -MP -MF"src/testing.d" -MT"src/testing.o" -o "src/testing.o" "../src/testing.cpp"
Finished building: ../src/testing.cpp
 
Building target: testing
Invoking: MacOS X C++ Linker
g++  -o "testing"  ./src/testing.o   
Finished building target: testing
 
20:27:13 **** Incremental Build of configuration Debug for project testing ****
make all 
make: Nothing to be done for `all'.
20:30:16 **** Incremental Build of configuration Debug for project testing ****
make all 
Building file: ../src/testing.cpp
Invoking: GCC C++ Compiler
g++ -O0 -g3 -Wall -c -fmessage-length=0 -MMD -MP -MF"src/testing.d" -MT"src/testing.o" -o "src/testing.o" "../src/testing.cpp"
../src/testing.cpp:19:19: warning: default member initializer for non-static data member is a C++11 extension [-Wc++11-extensions]
                char* test_char = nullptr;
                                ^
../src/testing.cpp:37:10: error: no matching constructor for initialization of 'myClass'
        myClass character(10, "hey", "bye");
                ^         ~~~~~~~~~~~~~~~~
../src/testing.cpp:23:3: note: candidate constructor not viable: requires 1 argument, but 3 were provided
                myClass(const myClass&);
                ^
../src/testing.cpp:22:3: note: candidate constructor not viable: requires 0 arguments, but 3 were provided
                myClass();
                ^
1 warning and 1 error generated.
make: *** [src/testing.o] Error 1
"make all" terminated with exit code 2. Build might be incomplete.
20:30:39 **** Incremental Build of configuration Debug for project testing ****
make all 
Building file: ../src/testing.cpp
Invoking: GCC C++ Compiler
g++ -O0 -g3 -Wall -c -fmessage-length=0 -MMD -MP -MF"src/testing.d" -MT"src/testing.o" -o "src/testing.o" "../src/testing.cpp"
../src/testing.cpp:21:2: error: expected expression
        public:
        ^
../src/testing.cpp:37:10: error: no matching constructor for initialization of 'myClass'
        myClass character(10, "hey", "bye");
                ^         ~~~~~~~~~~~~~~~~
../src/testing.cpp:23:3: note: candidate constructor not viable: requires 1 argument, but 3 were provided
                myClass(const myClass&);
                ^
../src/testing.cpp:38:12: error: 'setIncome' is a private member of 'myClass'
        character.setIncome(5);
                  ^
../src/testing.cpp:24:8: note: declared private here
                void setIncome(int number);
                     ^
../src/testing.cpp:39:20: error: 'getIncome' is a private member of 'myClass'
        cout << character.getIncome() << endl;
                          ^
../src/testing.cpp:25:7: note: declared private here
                int getIncome();
                    ^
4 errors generated.
make: *** [src/testing.o] Error 1
"make all" terminated with exit code 2. Build might be incomplete.
20:30:48 **** Incremental Build of configuration Debug for project testing ****
make all 
Building file: ../src/testing.cpp
Invoking: GCC C++ Compiler
g++ -O0 -g3 -Wall -c -fmessage-length=0 -MMD -MP -MF"src/testing.d" -MT"src/testing.o" -o "src/testing.o" "../src/testing.cpp"
../src/testing.cpp:21:2: error: expected expression
        public:
        ^
../src/testing.cpp:37:19: warning: empty parentheses interpreted as a function declaration [-Wvexing-parse]
        myClass character();
                         ^~
../src/testing.cpp:38:2: error: base of member reference is a function; perhaps you meant to call it with no arguments?
        character.setIncome(5);
        ^~~~~~~~~
                 ()
../src/testing.cpp:38:12: error: 'setIncome' is a private member of 'myClass'
        character.setIncome(5);
                  ^
../src/testing.cpp:24:8: note: declared private here
                void setIncome(int number);
                     ^
../src/testing.cpp:39:10: error: base of member reference is a function; perhaps you meant to call it with no arguments?
        cout << character.getIncome() << endl;
                ^~~~~~~~~
                         ()
../src/testing.cpp:39:20: error: 'getIncome' is a private member of 'myClass'
        cout << character.getIncome() << endl;
                          ^
../src/testing.cpp:25:7: note: declared private here
                int getIncome();
                    ^
1 warning and 5 errors generated.
make: *** [src/testing.o] Error 1
"make all" terminated with exit code 2. Build might be incomplete.
20:31:05 **** Incremental Build of configuration Debug for project testing ****
make all 
Building file: ../src/testing.cpp
Invoking: GCC C++ Compiler
g++ -O0 -g3 -Wall -c -fmessage-length=0 -MMD -MP -MF"src/testing.d" -MT"src/testing.o" -o "src/testing.o" "../src/testing.cpp"
../src/testing.cpp:21:2: error: expected expression
        public:
        ^
../src/testing.cpp:37:19: warning: empty parentheses interpreted as a function declaration [-Wvexing-parse]
        myClass character();
                         ^~
../src/testing.cpp:38:2: error: base of member reference is a function; perhaps you meant to call it with no arguments?
        character.setIncome(5);
        ^~~~~~~~~
                 ()
../src/testing.cpp:38:12: error: 'setIncome' is a private member of 'myClass'
        character.setIncome(5);
                  ^
../src/testing.cpp:24:8: note: declared private here
                void setIncome(int number);
                     ^
../src/testing.cpp:39:10: error: base of member reference is a function; perhaps you meant to call it with no arguments?
        cout << character.getIncome() << endl;
                ^~~~~~~~~
                         ()
../src/testing.cpp:39:20: error: 'getIncome' is a private member of 'myClass'
        cout << character.getIncome() << endl;
                          ^
../src/testing.cpp:25:7: note: declared private here
                int getIncome();
                    ^
1 warning and 5 errors generated.
make: *** [src/testing.o] Error 1
"make all" terminated with exit code 2. Build might be incomplete.
20:31:36 **** Incremental Build of configuration Debug for project testing ****
make all 
Building file: ../src/testing.cpp
Invoking: GCC C++ Compiler
g++ -O0 -g3 -Wall -c -fmessage-length=0 -MMD -MP -MF"src/testing.d" -MT"src/testing.o" -o "src/testing.o" "../src/testing.cpp"
../src/testing.cpp:21:2: error: expected expression
        public:
        ^
../src/testing.cpp:37:19: warning: empty parentheses interpreted as a function declaration [-Wvexing-parse]
        myClass character();
                         ^~
../src/testing.cpp:38:2: error: base of member reference is a function; perhaps you meant to call it with no arguments?
        character.setIncome(5);
        ^~~~~~~~~
                 ()
../src/testing.cpp:38:12: error: 'setIncome' is a private member of 'myClass'
        character.setIncome(5);
                  ^
../src/testing.cpp:24:8: note: declared private here
                void setIncome(int number);
                     ^
../src/testing.cpp:39:10: error: base of member reference is a function; perhaps you meant to call it with no arguments?
        cout << character.getIncome() << endl;
                ^~~~~~~~~
                         ()
../src/testing.cpp:39:20: error: 'getIncome' is a private member of 'myClass'
        cout << character.getIncome() << endl;
                          ^
../src/testing.cpp:25:7: note: declared private here
                int getIncome();
                    ^
1 warning and 5 errors generated.
make: *** [src/testing.o] Error 1
"make all" terminated with exit code 2. Build might be incomplete.
20:31:58 **** Incremental Build of configuration Debug for project testing ****
make all 
Building file: ../src/testing.cpp
Invoking: GCC C++ Compiler
g++ -O0 -g3 -Wall -c -fmessage-length=0 -MMD -MP -MF"src/testing.d" -MT"src/testing.o" -o "src/testing.o" "../src/testing.cpp"
../src/testing.cpp:21:2: error: expected expression
        public:
        ^
../src/testing.cpp:37:19: warning: empty parentheses interpreted as a function declaration [-Wvexing-parse]
        myClass character();
                         ^~
../src/testing.cpp:38:2: error: base of member reference is a function; perhaps you meant to call it with no arguments?
        character.setIncome(5);
        ^~~~~~~~~
                 ()
../src/testing.cpp:38:12: error: 'setIncome' is a private member of 'myClass'
        character.setIncome(5);
                  ^
../src/testing.cpp:24:8: note: declared private here
                void setIncome(int number);
                     ^
../src/testing.cpp:39:10: error: base of member reference is a function; perhaps you meant to call it with no arguments?
        cout << character.getIncome() << endl;
                ^~~~~~~~~
                         ()
../src/testing.cpp:39:20: error: 'getIncome' is a private member of 'myClass'
        cout << character.getIncome() << endl;
                          ^
../src/testing.cpp:25:7: note: declared private here
                int getIncome();
                    ^
../src/testing.cpp:19:9: warning: private field 'test_char' is not used [-Wunused-private-field]
                char* test_char:
                      ^
2 warnings and 5 errors generated.
make: *** [src/testing.o] Error 1
"make all" terminated with exit code 2. Build might be incomplete.
20:32:44 **** Incremental Build of configuration Debug for project testing ****
make all 
Building file: ../src/testing.cpp
Invoking: GCC C++ Compiler
g++ -O0 -g3 -Wall -c -fmessage-length=0 -MMD -MP -MF"src/testing.d" -MT"src/testing.o" -o "src/testing.o" "../src/testing.cpp"
../src/testing.cpp:21:2: error: expected expression
        public:
        ^
../src/testing.cpp:37:19: warning: empty parentheses interpreted as a function declaration [-Wvexing-parse]
        myClass character();
                         ^~
../src/testing.cpp:38:2: error: base of member reference is a function; perhaps you meant to call it with no arguments?
        character.setIncome(5);
        ^~~~~~~~~
                 ()
../src/testing.cpp:38:12: error: 'setIncome' is a private member of 'myClass'
        character.setIncome(5);
                  ^
../src/testing.cpp:24:8: note: declared private here
                void setIncome(int number);
                     ^
../src/testing.cpp:39:10: error: base of member reference is a function; perhaps you meant to call it with no arguments?
        cout << character.getIncome() << endl;
                ^~~~~~~~~
                         ()
../src/testing.cpp:39:20: error: 'getIncome' is a private member of 'myClass'
        cout << character.getIncome() << endl;
                          ^
../src/testing.cpp:25:7: note: declared private here
                int getIncome();
                    ^
../src/testing.cpp:19:9: warning: private field 'test_char' is not used [-Wunused-private-field]
                char* test_char:
                      ^
2 warnings and 5 errors generated.
make: *** [src/testing.o] Error 1
"make all" terminated with exit code 2. Build might be incomplete.
20:32:57 **** Incremental Build of configuration Debug for project testing ****
make all 
Building file: ../src/testing.cpp
Invoking: GCC C++ Compiler
g++ -O0 -g3 -Wall -c -fmessage-length=0 -MMD -MP -MF"src/testing.d" -MT"src/testing.o" -o "src/testing.o" "../src/testing.cpp"
../src/testing.cpp:21:2: error: expected expression
        public:
        ^
../src/testing.cpp:37:19: warning: empty parentheses interpreted as a function declaration [-Wvexing-parse]
        myClass character();
                         ^~
../src/testing.cpp:19:9: warning: private field 'test_char' is not used [-Wunused-private-field]
                char* test_char:
                      ^
2 warnings and 1 error generated.
make: *** [src/testing.o] Error 1
"make all" terminated with exit code 2. Build might be incomplete.
20:33:34 **** Incremental Build of configuration Debug for project testing ****
make all 
Building file: ../src/testing.cpp
Invoking: GCC C++ Compiler
g++ -O0 -g3 -Wall -c -fmessage-length=0 -MMD -MP -MF"src/testing.d" -MT"src/testing.o" -o "src/testing.o" "../src/testing.cpp"
../src/testing.cpp:36:19: warning: empty parentheses interpreted as a function declaration [-Wvexing-parse]
        myClass character();
                         ^~
../src/testing.cpp:36:19: note: remove parentheses to declare a variable
        myClass character();
                         ^~
1 warning generated.
Finished building: ../src/testing.cpp
 
Building target: testing
Invoking: MacOS X C++ Linker
g++  -o "testing"  ./src/testing.o   
Finished building target: testing
 
20:34:01 **** Incremental Build of configuration Debug for project testing ****
make all 
Building file: ../src/testing.cpp
Invoking: GCC C++ Compiler
g++ -O0 -g3 -Wall -c -fmessage-length=0 -MMD -MP -MF"src/testing.d" -MT"src/testing.o" -o "src/testing.o" "../src/testing.cpp"
Finished building: ../src/testing.cpp
 
Building target: testing
Invoking: MacOS X C++ Linker
g++  -o "testing"  ./src/testing.o   
Undefined symbols for architecture arm64:
  "myClass::myClass()", referenced from:
      _main in testing.o
ld: symbol(s) not found for architecture arm64
clang: error: linker command failed with exit code 1 (use -v to see invocation)
make: *** [testing] Error 1
"make all" terminated with exit code 2. Build might be incomplete.
20:34:26 **** Incremental Build of configuration Debug for project testing ****
make all 
Building file: ../src/testing.cpp
Invoking: GCC C++ Compiler
g++ -O0 -g3 -Wall -c -fmessage-length=0 -MMD -MP -MF"src/testing.d" -MT"src/testing.o" -o "src/testing.o" "../src/testing.cpp"
Finished building: ../src/testing.cpp
 
Building target: testing
Invoking: MacOS X C++ Linker
g++  -o "testing"  ./src/testing.o   
Undefined symbols for architecture arm64:
  "myClass::myClass()", referenced from:
      _main in testing.o
ld: symbol(s) not found for architecture arm64
clang: error: linker command failed with exit code 1 (use -v to see invocation)
make: *** [testing] Error 1
"make all" terminated with exit code 2. Build might be incomplete.
20:34:32 **** Incremental Build of configuration Debug for project testing ****
make all 
Building file: ../src/testing.cpp
Invoking: GCC C++ Compiler
g++ -O0 -g3 -Wall -c -fmessage-length=0 -MMD -MP -MF"src/testing.d" -MT"src/testing.o" -o "src/testing.o" "../src/testing.cpp"
Finished building: ../src/testing.cpp
 
Building target: testing
Invoking: MacOS X C++ Linker
g++  -o "testing"  ./src/testing.o   
Undefined symbols for architecture arm64:
  "myClass::myClass()", referenced from:
      _main in testing.o
ld: symbol(s) not found for architecture arm64
clang: error: linker command failed with exit code 1 (use -v to see invocation)
make: *** [testing] Error 1
"make all" terminated with exit code 2. Build might be incomplete.
20:35:22 **** Incremental Build of configuration Debug for project testing ****
make all 
Building file: ../src/testing.cpp
Invoking: GCC C++ Compiler
g++ -O0 -g3 -Wall -c -fmessage-length=0 -MMD -MP -MF"src/testing.d" -MT"src/testing.o" -o "src/testing.o" "../src/testing.cpp"
Finished building: ../src/testing.cpp
 
Building target: testing
Invoking: MacOS X C++ Linker
g++  -o "testing"  ./src/testing.o   
Undefined symbols for architecture arm64:
  "myClass::myClass()", referenced from:
      _main in testing.o
ld: symbol(s) not found for architecture arm64
clang: error: linker command failed with exit code 1 (use -v to see invocation)
make: *** [testing] Error 1
"make all" terminated with exit code 2. Build might be incomplete.
20:35:35 **** Incremental Build of configuration Debug for project testing ****
make all 
Building file: ../src/testing.cpp
Invoking: GCC C++ Compiler
g++ -O0 -g3 -Wall -c -fmessage-length=0 -MMD -MP -MF"src/testing.d" -MT"src/testing.o" -o "src/testing.o" "../src/testing.cpp"
Finished building: ../src/testing.cpp
 
Building target: testing
Invoking: MacOS X C++ Linker
g++  -o "testing"  ./src/testing.o   
Finished building target: testing
 
20:35:38 **** Incremental Build of configuration Debug for project testing ****
make all 
make: Nothing to be done for `all'.
20:36:17 **** Incremental Build of configuration Debug for project testing ****
make all 
Building file: ../src/testing.cpp
Invoking: GCC C++ Compiler
g++ -O0 -g3 -Wall -c -fmessage-length=0 -MMD -MP -MF"src/testing.d" -MT"src/testing.o" -o "src/testing.o" "../src/testing.cpp"
Finished building: ../src/testing.cpp
 
Building target: testing
Invoking: MacOS X C++ Linker
g++  -o "testing"  ./src/testing.o   
Finished building target: testing
 
20:36:47 **** Incremental Build of configuration Debug for project testing ****
make all 
Building file: ../src/testing.cpp
Invoking: GCC C++ Compiler
g++ -O0 -g3 -Wall -c -fmessage-length=0 -MMD -MP -MF"src/testing.d" -MT"src/testing.o" -o "src/testing.o" "../src/testing.cpp"
Finished building: ../src/testing.cpp
 
Building target: testing
Invoking: MacOS X C++ Linker
g++  -o "testing"  ./src/testing.o   
Finished building target: testing
 
21:16:51 **** Incremental Build of configuration Debug for project testing ****
make all 
make: Nothing to be done for `all'.
21:16:54 **** Incremental Build of configuration Debug for project testing ****
make all 
make: Nothing to be done for `all'.
21:16:56 **** Incremental Build of configuration Debug for project testing ****
make all 
make: Nothing to be done for `all'.
21:21:07 **** Incremental Build of configuration Debug for project testing ****
make all 
Building file: ../src/testing.cpp
Invoking: GCC C++ Compiler
g++ -O0 -g3 -Wall -c -fmessage-length=0 -MMD -MP -MF"src/testing.d" -MT"src/testing.o" -o "src/testing.o" "../src/testing.cpp"
../src/testing.cpp:17:16: warning: default member initializer for non-static data member is a C++11 extension [-Wc++11-extensions]
                char* zeiger = nullptr;
                             ^
1 warning generated.
Finished building: ../src/testing.cpp
 
Building target: testing
Invoking: MacOS X C++ Linker
g++  -o "testing"  ./src/testing.o   
Finished building target: testing
 
21:26:01 **** Incremental Build of configuration Debug for project testing ****
make all 
Building file: ../src/testing.cpp
Invoking: GCC C++ Compiler
g++ --std=c++1z -O0 -g3 -Wall -c -fmessage-length=0 -MMD -MP -MF"src/testing.d" -MT"src/testing.o" -o "src/testing.o" "../src/testing.cpp"
Finished building: ../src/testing.cpp
 
Building target: testing
Invoking: MacOS X C++ Linker
g++  -o "testing"  ./src/testing.o   
Finished building target: testing
 
07:42:00 **** Clean-only build of configuration Debug for project testing ****
make clean 
rm -rf ./src/testing.d ./src/testing.o
rm -rf testing
 
07:42:00 **** Incremental Build of configuration Debug for project testing ****
make all 
Building file: ../src/testing.cpp
Invoking: GCC C++ Compiler
g++ --std=c++1z -O0 -g3 -Wall -c -fmessage-length=0 -MMD -MP -MF"src/testing.d" -MT"src/testing.o" -o "src/testing.o" "../src/testing.cpp"
Finished building: ../src/testing.cpp
 
Building target: testing
Invoking: MacOS X C++ Linker
g++  -o "testing"  ./src/testing.o   
Finished building target: testing
 
07:42:02 **** Incremental Build of configuration Debug for project testing ****
make all 
make: Nothing to be done for `all'.
07:43:29 **** Incremental Build of configuration Debug for project testing ****
make all 
Building file: ../src/testing.cpp
Invoking: GCC C++ Compiler
g++ --std=c++1z -O0 -g3 -Wall -c -fmessage-length=0 -MMD -MP -MF"src/testing.d" -MT"src/testing.o" -o "src/testing.o" "../src/testing.cpp"
Finished building: ../src/testing.cpp
 
Building target: testing
Invoking: MacOS X C++ Linker
g++  -o "testing"  ./src/testing.o   
Finished building target: testing
 
07:43:30 **** Incremental Build of configuration Debug for project testing ****
make all 
make: Nothing to be done for `all'.
10:34:53 **** Incremental Build of configuration Debug for project testing ****
make all 
Building file: ../src/testing.cpp
Invoking: GCC C++ Compiler
g++ --std=c++1z -O0 -g3 -Wall -c -fmessage-length=0 -MMD -MP -MF"src/testing.d" -MT"src/testing.o" -o "src/testing.o" "../src/testing.cpp"
../src/testing.cpp:32:2: error: use of undeclared identifier 'myClass'
        myClass::printCounter();
        ^
../src/testing.cpp:34:2: error: unknown type name 'myClass'
        myClass objekt_1;
        ^
../src/testing.cpp:35:2: error: use of undeclared identifier 'myClass'
        myClass::printCounter();
        ^
../src/testing.cpp:38:2: error: unknown type name 'myClass'
        myClass objekt_2;
        ^
../src/testing.cpp:39:2: error: use of undeclared identifier 'myClass'
        myClass::printCounter();
        ^
5 errors generated.
make: *** [src/testing.o] Error 1
"make all" terminated with exit code 2. Build might be incomplete.
10:35:00 **** Incremental Build of configuration Debug for project testing ****
make all 
Building file: ../src/testing.cpp
Invoking: GCC C++ Compiler
g++ --std=c++1z -O0 -g3 -Wall -c -fmessage-length=0 -MMD -MP -MF"src/testing.d" -MT"src/testing.o" -o "src/testing.o" "../src/testing.cpp"
Finished building: ../src/testing.cpp
 
Building target: testing
Invoking: MacOS X C++ Linker
g++  -o "testing"  ./src/testing.o   
Finished building target: testing
 
10:38:38 **** Incremental Build of configuration Debug for project testing ****
make all 
Building file: ../src/testing.cpp
Invoking: GCC C++ Compiler
g++ --std=c++1z -O0 -g3 -Wall -c -fmessage-length=0 -MMD -MP -MF"src/testing.d" -MT"src/testing.o" -o "src/testing.o" "../src/testing.cpp"
Finished building: ../src/testing.cpp
 
Building target: testing
Invoking: MacOS X C++ Linker
g++  -o "testing"  ./src/testing.o   
Finished building target: testing
 
10:42:55 **** Incremental Build of configuration Debug for project testing ****
make all 
Building file: ../src/testing.cpp
Invoking: GCC C++ Compiler
g++ --std=c++1z -O0 -g3 -Wall -c -fmessage-length=0 -MMD -MP -MF"src/testing.d" -MT"src/testing.o" -o "src/testing.o" "../src/testing.cpp"
../src/testing.cpp:35:13: error: out-of-line definition of 'vPrintProperties' does not match any declaration in 'Train'
void Train::vPrintProperties(Train objekt)
            ^~~~~~~~~~~~~~~~
../src/testing.cpp:26:8: note: member declaration does not match because it is const qualified
                void vPrintProperties(Train objekt) const;
                     ^                              ~~~~~
../src/testing.cpp:37:62: error: expected ';' after expression
        cout << "Passenger counter: " << p_iPassengerCounter << endl:
                                                                    ^
                                                                    ;
2 errors generated.
make: *** [src/testing.o] Error 1
"make all" terminated with exit code 2. Build might be incomplete.
10:43:35 **** Incremental Build of configuration Debug for project testing ****
make all 
Building file: ../src/testing.cpp
Invoking: GCC C++ Compiler
g++ --std=c++1z -O0 -g3 -Wall -c -fmessage-length=0 -MMD -MP -MF"src/testing.d" -MT"src/testing.o" -o "src/testing.o" "../src/testing.cpp"
../src/testing.cpp:37:62: error: expected ';' after expression
        cout << "Passenger counter: " << p_iPassengerCounter << endl:
                                                                    ^
                                                                    ;
1 error generated.
make: *** [src/testing.o] Error 1
"make all" terminated with exit code 2. Build might be incomplete.
10:43:41 **** Incremental Build of configuration Debug for project testing ****
make all 
Building file: ../src/testing.cpp
Invoking: GCC C++ Compiler
g++ --std=c++1z -O0 -g3 -Wall -c -fmessage-length=0 -MMD -MP -MF"src/testing.d" -MT"src/testing.o" -o "src/testing.o" "../src/testing.cpp"
Finished building: ../src/testing.cpp
 
Building target: testing
Invoking: MacOS X C++ Linker
g++  -o "testing"  ./src/testing.o   
Undefined symbols for architecture arm64:
  "Train::Train()", referenced from:
      _main in testing.o
  "Train::~Train()", referenced from:
      _main in testing.o
ld: symbol(s) not found for architecture arm64
clang: error: linker command failed with exit code 1 (use -v to see invocation)
make: *** [testing] Error 1
"make all" terminated with exit code 2. Build might be incomplete.
10:44:32 **** Incremental Build of configuration Debug for project testing ****
make all 
Building file: ../src/testing.cpp
Invoking: GCC C++ Compiler
g++ --std=c++1z -O0 -g3 -Wall -c -fmessage-length=0 -MMD -MP -MF"src/testing.d" -MT"src/testing.o" -o "src/testing.o" "../src/testing.cpp"
../src/testing.cpp:40:8: error: no matching constructor for initialization of 'Train'
        Train objekt_standard;
              ^
../src/testing.cpp:28:8: note: candidate constructor not viable: requires single argument 'passengerCounter', but no arguments were provided
Train::Train(int passengerCounter)
       ^
../src/testing.cpp:13:7: note: candidate constructor (the implicit copy constructor) not viable: requires 1 argument, but 0 were provided
class Train
      ^
../src/testing.cpp:13:7: note: candidate constructor (the implicit move constructor) not viable: requires 1 argument, but 0 were provided
1 error generated.
make: *** [src/testing.o] Error 1
"make all" terminated with exit code 2. Build might be incomplete.
10:45:53 **** Incremental Build of configuration Debug for project testing ****
make all 
Building file: ../src/testing.cpp
Invoking: GCC C++ Compiler
g++ --std=c++1z -O0 -g3 -Wall -c -fmessage-length=0 -MMD -MP -MF"src/testing.d" -MT"src/testing.o" -o "src/testing.o" "../src/testing.cpp"
Finished building: ../src/testing.cpp
 
Building target: testing
Invoking: MacOS X C++ Linker
g++  -o "testing"  ./src/testing.o   
Undefined symbols for architecture arm64:
  "Train::~Train()", referenced from:
      _main in testing.o
ld: symbol(s) not found for architecture arm64
clang: error: linker command failed with exit code 1 (use -v to see invocation)
make: *** [testing] Error 1
"make all" terminated with exit code 2. Build might be incomplete.
10:48:21 **** Incremental Build of configuration Debug for project testing ****
make all 
Building file: ../src/testing.cpp
Invoking: GCC C++ Compiler
g++ --std=c++1z -O0 -g3 -Wall -c -fmessage-length=0 -MMD -MP -MF"src/testing.d" -MT"src/testing.o" -o "src/testing.o" "../src/testing.cpp"
Finished building: ../src/testing.cpp
 
Building target: testing
Invoking: MacOS X C++ Linker
g++  -o "testing"  ./src/testing.o   
Finished building target: testing
 
10:48:25 **** Incremental Build of configuration Debug for project testing ****
make all 
make: Nothing to be done for `all'.
10:48:46 **** Incremental Build of configuration Debug for project testing ****
make all 
Building file: ../src/testing.cpp
Invoking: GCC C++ Compiler
g++ --std=c++1z -O0 -g3 -Wall -c -fmessage-length=0 -MMD -MP -MF"src/testing.d" -MT"src/testing.o" -o "src/testing.o" "../src/testing.cpp"
Finished building: ../src/testing.cpp
 
Building target: testing
Invoking: MacOS X C++ Linker
g++  -o "testing"  ./src/testing.o   
Finished building target: testing
 
10:48:47 **** Incremental Build of configuration Debug for project testing ****
make all 
make: Nothing to be done for `all'.
10:48:55 **** Incremental Build of configuration Debug for project testing ****
make all 
Building file: ../src/testing.cpp
Invoking: GCC C++ Compiler
g++ --std=c++1z -O0 -g3 -Wall -c -fmessage-length=0 -MMD -MP -MF"src/testing.d" -MT"src/testing.o" -o "src/testing.o" "../src/testing.cpp"
../src/testing.cpp:35:10: error: expected expression
        cout << ;
                ^
1 error generated.
make: *** [src/testing.o] Error 1
"make all" terminated with exit code 2. Build might be incomplete.
10:49:01 **** Incremental Build of configuration Debug for project testing ****
make all 
Building file: ../src/testing.cpp
Invoking: GCC C++ Compiler
g++ --std=c++1z -O0 -g3 -Wall -c -fmessage-length=0 -MMD -MP -MF"src/testing.d" -MT"src/testing.o" -o "src/testing.o" "../src/testing.cpp"
Finished building: ../src/testing.cpp
 
Building target: testing
Invoking: MacOS X C++ Linker
g++  -o "testing"  ./src/testing.o   
Finished building target: testing
 
10:49:01 **** Incremental Build of configuration Debug for project testing ****
make all 
make: Nothing to be done for `all'.
10:49:18 **** Incremental Build of configuration Debug for project testing ****
make all 
Building file: ../src/testing.cpp
Invoking: GCC C++ Compiler
g++ --std=c++1z -O0 -g3 -Wall -c -fmessage-length=0 -MMD -MP -MF"src/testing.d" -MT"src/testing.o" -o "src/testing.o" "../src/testing.cpp"
Finished building: ../src/testing.cpp
 
Building target: testing
Invoking: MacOS X C++ Linker
g++  -o "testing"  ./src/testing.o   
Finished building target: testing
 
10:49:33 **** Incremental Build of configuration Debug for project testing ****
make all 
Building file: ../src/testing.cpp
Invoking: GCC C++ Compiler
g++ --std=c++1z -O0 -g3 -Wall -c -fmessage-length=0 -MMD -MP -MF"src/testing.d" -MT"src/testing.o" -o "src/testing.o" "../src/testing.cpp"
Finished building: ../src/testing.cpp
 
Building target: testing
Invoking: MacOS X C++ Linker
g++  -o "testing"  ./src/testing.o   
Finished building target: testing
 
10:49:34 **** Incremental Build of configuration Debug for project testing ****
make all 
make: Nothing to be done for `all'.
10:49:49 **** Incremental Build of configuration Debug for project testing ****
make all 
Building file: ../src/testing.cpp
Invoking: GCC C++ Compiler
g++ --std=c++1z -O0 -g3 -Wall -c -fmessage-length=0 -MMD -MP -MF"src/testing.d" -MT"src/testing.o" -o "src/testing.o" "../src/testing.cpp"
Finished building: ../src/testing.cpp
 
Building target: testing
Invoking: MacOS X C++ Linker
g++  -o "testing"  ./src/testing.o   
Finished building target: testing
 
10:49:49 **** Incremental Build of configuration Debug for project testing ****
make all 
make: Nothing to be done for `all'.
10:50:31 **** Incremental Build of configuration Debug for project testing ****
make all 
Building file: ../src/testing.cpp
Invoking: GCC C++ Compiler
g++ --std=c++1z -O0 -g3 -Wall -c -fmessage-length=0 -MMD -MP -MF"src/testing.d" -MT"src/testing.o" -o "src/testing.o" "../src/testing.cpp"
Finished building: ../src/testing.cpp
 
Building target: testing
Invoking: MacOS X C++ Linker
g++  -o "testing"  ./src/testing.o   
Finished building target: testing
 
10:50:32 **** Incremental Build of configuration Debug for project testing ****
make all 
make: Nothing to be done for `all'.
11:02:43 **** Incremental Build of configuration Debug for project testing ****
make all 
Building file: ../src/testing.cpp
Invoking: GCC C++ Compiler
g++ --std=c++1z -O0 -g3 -Wall -c -fmessage-length=0 -MMD -MP -MF"src/testing.d" -MT"src/testing.o" -o "src/testing.o" "../src/testing.cpp"
Finished building: ../src/testing.cpp
 
Building target: testing
Invoking: MacOS X C++ Linker
g++  -o "testing"  ./src/testing.o   
Finished building target: testing
 
11:02:44 **** Incremental Build of configuration Debug for project testing ****
make all 
make: Nothing to be done for `all'.
11:11:25 **** Incremental Build of configuration Debug for project testing ****
make all 
Building file: ../src/testing.cpp
Invoking: GCC C++ Compiler
g++ --std=c++1z -O0 -g3 -Wall -c -fmessage-length=0 -MMD -MP -MF"src/testing.d" -MT"src/testing.o" -o "src/testing.o" "../src/testing.cpp"
Finished building: ../src/testing.cpp
 
Building target: testing
Invoking: MacOS X C++ Linker
g++  -o "testing"  ./src/testing.o   
Finished building target: testing
 
11:12:42 **** Incremental Build of configuration Debug for project testing ****
make all 
Building file: ../src/testing.cpp
Invoking: GCC C++ Compiler
g++ --std=c++1z -O0 -g3 -Wall -c -fmessage-length=0 -MMD -MP -MF"src/testing.d" -MT"src/testing.o" -o "src/testing.o" "../src/testing.cpp"
Finished building: ../src/testing.cpp
 
Building target: testing
Invoking: MacOS X C++ Linker
g++  -o "testing"  ./src/testing.o   
Finished building target: testing
 
11:12:59 **** Incremental Build of configuration Debug for project testing ****
make all 
Building file: ../src/testing.cpp
Invoking: GCC C++ Compiler
g++ --std=c++1z -O0 -g3 -Wall -c -fmessage-length=0 -MMD -MP -MF"src/testing.d" -MT"src/testing.o" -o "src/testing.o" "../src/testing.cpp"
../src/testing.cpp:18:14: error: non-const static data member must be initialized out of line
                static int p_iIDcounter = 0;
                           ^              ~
../src/testing.cpp:19:14: error: non-const static data member must be initialized out of line
                static int p_iID = 0;
                           ^       ~
2 errors generated.
make: *** [src/testing.o] Error 1
"make all" terminated with exit code 2. Build might be incomplete.
11:13:03 **** Incremental Build of configuration Debug for project testing ****
make all 
Building file: ../src/testing.cpp
Invoking: GCC C++ Compiler
g++ --std=c++1z -O0 -g3 -Wall -c -fmessage-length=0 -MMD -MP -MF"src/testing.d" -MT"src/testing.o" -o "src/testing.o" "../src/testing.cpp"
../src/testing.cpp:18:14: error: non-const static data member must be initialized out of line
                static int p_iIDcounter = 0;
                           ^              ~
../src/testing.cpp:19:14: error: non-const static data member must be initialized out of line
                static int p_iID = 0;
                           ^       ~
2 errors generated.
make: *** [src/testing.o] Error 1
"make all" terminated with exit code 2. Build might be incomplete.
11:13:37 **** Incremental Build of configuration Debug for project testing ****
make all 
Building file: ../src/testing.cpp
Invoking: GCC C++ Compiler
g++ --std=c++1z -O0 -g3 -Wall -c -fmessage-length=0 -MMD -MP -MF"src/testing.d" -MT"src/testing.o" -o "src/testing.o" "../src/testing.cpp"
Finished building: ../src/testing.cpp
 
Building target: testing
Invoking: MacOS X C++ Linker
g++  -o "testing"  ./src/testing.o   
Finished building target: testing
 
11:13:39 **** Incremental Build of configuration Debug for project testing ****
make all 
make: Nothing to be done for `all'.
11:14:19 **** Incremental Build of configuration Debug for project testing ****
make all 
Building file: ../src/testing.cpp
Invoking: GCC C++ Compiler
g++ --std=c++1z -O0 -g3 -Wall -c -fmessage-length=0 -MMD -MP -MF"src/testing.d" -MT"src/testing.o" -o "src/testing.o" "../src/testing.cpp"
Finished building: ../src/testing.cpp
 
Building target: testing
Invoking: MacOS X C++ Linker
g++  -o "testing"  ./src/testing.o   
Finished building target: testing
 
11:14:20 **** Incremental Build of configuration Debug for project testing ****
make all 
make: Nothing to be done for `all'.
11:14:39 **** Incremental Build of configuration Debug for project testing ****
make all 
Building file: ../src/testing.cpp
Invoking: GCC C++ Compiler
g++ --std=c++1z -O0 -g3 -Wall -c -fmessage-length=0 -MMD -MP -MF"src/testing.d" -MT"src/testing.o" -o "src/testing.o" "../src/testing.cpp"
Finished building: ../src/testing.cpp
 
Building target: testing
Invoking: MacOS X C++ Linker
g++  -o "testing"  ./src/testing.o   
Finished building target: testing
 
11:14:40 **** Incremental Build of configuration Debug for project testing ****
make all 
make: Nothing to be done for `all'.
11:17:49 **** Incremental Build of configuration Debug for project testing ****
make all 
Building file: ../src/testing.cpp
Invoking: GCC C++ Compiler
g++ --std=c++1z -O0 -g3 -Wall -c -fmessage-length=0 -MMD -MP -MF"src/testing.d" -MT"src/testing.o" -o "src/testing.o" "../src/testing.cpp"
Finished building: ../src/testing.cpp
 
Building target: testing
Invoking: MacOS X C++ Linker
g++  -o "testing"  ./src/testing.o   
Finished building target: testing
 
11:17:49 **** Incremental Build of configuration Debug for project testing ****
make all 
make: Nothing to be done for `all'.
11:18:38 **** Incremental Build of configuration Debug for project testing ****
make all 
Building file: ../src/testing.cpp
Invoking: GCC C++ Compiler
g++ --std=c++1z -O0 -g3 -Wall -c -fmessage-length=0 -MMD -MP -MF"src/testing.d" -MT"src/testing.o" -o "src/testing.o" "../src/testing.cpp"
Finished building: ../src/testing.cpp
 
Building target: testing
Invoking: MacOS X C++ Linker
g++  -o "testing"  ./src/testing.o   
Finished building target: testing
 
11:18:39 **** Incremental Build of configuration Debug for project testing ****
make all 
make: Nothing to be done for `all'.
11:19:38 **** Incremental Build of configuration Debug for project testing ****
make all 
Building file: ../src/testing.cpp
Invoking: GCC C++ Compiler
g++ --std=c++1z -O0 -g3 -Wall -c -fmessage-length=0 -MMD -MP -MF"src/testing.d" -MT"src/testing.o" -o "src/testing.o" "../src/testing.cpp"
Finished building: ../src/testing.cpp
 
Building target: testing
Invoking: MacOS X C++ Linker
g++  -o "testing"  ./src/testing.o   
Finished building target: testing
 
11:19:39 **** Incremental Build of configuration Debug for project testing ****
make all 
make: Nothing to be done for `all'.
11:20:17 **** Incremental Build of configuration Debug for project testing ****
make all 
Building file: ../src/testing.cpp
Invoking: GCC C++ Compiler
g++ --std=c++1z -O0 -g3 -Wall -c -fmessage-length=0 -MMD -MP -MF"src/testing.d" -MT"src/testing.o" -o "src/testing.o" "../src/testing.cpp"
Finished building: ../src/testing.cpp
 
Building target: testing
Invoking: MacOS X C++ Linker
g++  -o "testing"  ./src/testing.o   
Finished building target: testing
 
11:20:17 **** Incremental Build of configuration Debug for project testing ****
make all 
make: Nothing to be done for `all'.
11:20:49 **** Incremental Build of configuration Debug for project testing ****
make all 
Building file: ../src/testing.cpp
Invoking: GCC C++ Compiler
g++ --std=c++1z -O0 -g3 -Wall -c -fmessage-length=0 -MMD -MP -MF"src/testing.d" -MT"src/testing.o" -o "src/testing.o" "../src/testing.cpp"
Finished building: ../src/testing.cpp
 
Building target: testing
Invoking: MacOS X C++ Linker
g++  -o "testing"  ./src/testing.o   
Finished building target: testing
 
11:20:49 **** Incremental Build of configuration Debug for project testing ****
make all 
make: Nothing to be done for `all'.
11:21:04 **** Incremental Build of configuration Debug for project testing ****
make all 
Building file: ../src/testing.cpp
Invoking: GCC C++ Compiler
g++ --std=c++1z -O0 -g3 -Wall -c -fmessage-length=0 -MMD -MP -MF"src/testing.d" -MT"src/testing.o" -o "src/testing.o" "../src/testing.cpp"
Finished building: ../src/testing.cpp
 
Building target: testing
Invoking: MacOS X C++ Linker
g++  -o "testing"  ./src/testing.o   
Finished building target: testing
 
11:21:05 **** Incremental Build of configuration Debug for project testing ****
make all 
make: Nothing to be done for `all'.
11:21:37 **** Incremental Build of configuration Debug for project testing ****
make all 
Building file: ../src/testing.cpp
Invoking: GCC C++ Compiler
g++ --std=c++1z -O0 -g3 -Wall -c -fmessage-length=0 -MMD -MP -MF"src/testing.d" -MT"src/testing.o" -o "src/testing.o" "../src/testing.cpp"
Finished building: ../src/testing.cpp
 
Building target: testing
Invoking: MacOS X C++ Linker
g++  -o "testing"  ./src/testing.o   
Finished building target: testing
 
11:21:38 **** Incremental Build of configuration Debug for project testing ****
make all 
make: Nothing to be done for `all'.
11:21:54 **** Incremental Build of configuration Debug for project testing ****
make all 
Building file: ../src/testing.cpp
Invoking: GCC C++ Compiler
g++ --std=c++1z -O0 -g3 -Wall -c -fmessage-length=0 -MMD -MP -MF"src/testing.d" -MT"src/testing.o" -o "src/testing.o" "../src/testing.cpp"
Finished building: ../src/testing.cpp
 
Building target: testing
Invoking: MacOS X C++ Linker
g++  -o "testing"  ./src/testing.o   
Finished building target: testing
 
11:21:54 **** Incremental Build of configuration Debug for project testing ****
make all 
make: Nothing to be done for `all'.
11:22:10 **** Incremental Build of configuration Debug for project testing ****
make all 
Building file: ../src/testing.cpp
Invoking: GCC C++ Compiler
g++ --std=c++1z -O0 -g3 -Wall -c -fmessage-length=0 -MMD -MP -MF"src/testing.d" -MT"src/testing.o" -o "src/testing.o" "../src/testing.cpp"
../src/testing.cpp:18:14: error: non-const static data member must be initialized out of line
                static int p_iIDcounter = 0;
                           ^              ~
../src/testing.cpp:19:14: error: non-const static data member must be initialized out of line
                static int p_iID = 0;
                           ^       ~
2 errors generated.
make: *** [src/testing.o] Error 1
"make all" terminated with exit code 2. Build might be incomplete.
11:22:19 **** Incremental Build of configuration Debug for project testing ****
make all 
Building file: ../src/testing.cpp
Invoking: GCC C++ Compiler
g++ --std=c++1z -O0 -g3 -Wall -c -fmessage-length=0 -MMD -MP -MF"src/testing.d" -MT"src/testing.o" -o "src/testing.o" "../src/testing.cpp"
Finished building: ../src/testing.cpp
 
Building target: testing
Invoking: MacOS X C++ Linker
g++  -o "testing"  ./src/testing.o   
Finished building target: testing
 
11:27:09 **** Incremental Build of configuration Debug for project testing ****
make all 
Building file: ../src/testing.cpp
Invoking: GCC C++ Compiler
g++ --std=c++1z -O0 -g3 -Wall -c -fmessage-length=0 -MMD -MP -MF"src/testing.d" -MT"src/testing.o" -o "src/testing.o" "../src/testing.cpp"
Finished building: ../src/testing.cpp
 
Building target: testing
Invoking: MacOS X C++ Linker
g++  -o "testing"  ./src/testing.o   
Finished building target: testing
 
11:27:58 **** Incremental Build of configuration Debug for project testing ****
make all 
Building file: ../src/testing.cpp
Invoking: GCC C++ Compiler
g++ --std=c++1z -O0 -g3 -Wall -c -fmessage-length=0 -MMD -MP -MF"src/testing.d" -MT"src/testing.o" -o "src/testing.o" "../src/testing.cpp"
Finished building: ../src/testing.cpp
 
Building target: testing
Invoking: MacOS X C++ Linker
g++  -o "testing"  ./src/testing.o   
Finished building target: testing
 
11:28:44 **** Incremental Build of configuration Debug for project testing ****
make all 
Building file: ../src/testing.cpp
Invoking: GCC C++ Compiler
g++ --std=c++1z -O0 -g3 -Wall -c -fmessage-length=0 -MMD -MP -MF"src/testing.d" -MT"src/testing.o" -o "src/testing.o" "../src/testing.cpp"
Finished building: ../src/testing.cpp
 
Building target: testing
Invoking: MacOS X C++ Linker
g++  -o "testing"  ./src/testing.o   
Finished building target: testing
 
11:28:44 **** Incremental Build of configuration Debug for project testing ****
make all 
make: Nothing to be done for `all'.
11:33:28 **** Incremental Build of configuration Debug for project testing ****
make all 
Building file: ../src/testing.cpp
Invoking: GCC C++ Compiler
g++ --std=c++1z -O0 -g3 -Wall -c -fmessage-length=0 -MMD -MP -MF"src/testing.d" -MT"src/testing.o" -o "src/testing.o" "../src/testing.cpp"
Finished building: ../src/testing.cpp
 
Building target: testing
Invoking: MacOS X C++ Linker
g++  -o "testing"  ./src/testing.o   
Finished building target: testing
 
11:33:28 **** Incremental Build of configuration Debug for project testing ****
make all 
make: Nothing to be done for `all'.
11:37:26 **** Incremental Build of configuration Debug for project testing ****
make all 
Building file: ../src/testing.cpp
Invoking: GCC C++ Compiler
g++ --std=c++1z -O0 -g3 -Wall -c -fmessage-length=0 -MMD -MP -MF"src/testing.d" -MT"src/testing.o" -o "src/testing.o" "../src/testing.cpp"
Finished building: ../src/testing.cpp
 
Building target: testing
Invoking: MacOS X C++ Linker
g++  -o "testing"  ./src/testing.o   
Finished building target: testing
 
11:37:26 **** Incremental Build of configuration Debug for project testing ****
make all 
make: Nothing to be done for `all'.
11:38:38 **** Incremental Build of configuration Debug for project testing ****
make all 
Building file: ../src/testing.cpp
Invoking: GCC C++ Compiler
g++ --std=c++1z -O0 -g3 -Wall -c -fmessage-length=0 -MMD -MP -MF"src/testing.d" -MT"src/testing.o" -o "src/testing.o" "../src/testing.cpp"
Finished building: ../src/testing.cpp
 
Building target: testing
Invoking: MacOS X C++ Linker
g++  -o "testing"  ./src/testing.o   
Finished building target: testing
 
11:38:39 **** Incremental Build of configuration Debug for project testing ****
make all 
make: Nothing to be done for `all'.
15:08:08 **** Incremental Build of configuration Debug for project testing ****
make all 
Building file: ../src/testing.cpp
Invoking: GCC C++ Compiler
g++ --std=c++1z -O0 -g3 -Wall -c -fmessage-length=0 -MMD -MP -MF"src/testing.d" -MT"src/testing.o" -o "src/testing.o" "../src/testing.cpp"
../src/testing.cpp:38:1: error: 'static' can only be specified inside the class definition
static int Train::getTotaleID()
^~~~~~~
1 error generated.
make: *** [src/testing.o] Error 1
"make all" terminated with exit code 2. Build might be incomplete.
15:08:38 **** Incremental Build of configuration Debug for project testing ****
make all 
Building file: ../src/testing.cpp
Invoking: GCC C++ Compiler
g++ --std=c++1z -O0 -g3 -Wall -c -fmessage-length=0 -MMD -MP -MF"src/testing.d" -MT"src/testing.o" -o "src/testing.o" "../src/testing.cpp"
../src/testing.cpp:26:21: error: extra qualification on member 'getTotaleID'
                static int Train::getTotaleID()
                           ~~~~~~~^
1 error generated.
make: *** [src/testing.o] Error 1
"make all" terminated with exit code 2. Build might be incomplete.
15:08:51 **** Incremental Build of configuration Debug for project testing ****
make all 
Building file: ../src/testing.cpp
Invoking: GCC C++ Compiler
g++ --std=c++1z -O0 -g3 -Wall -c -fmessage-length=0 -MMD -MP -MF"src/testing.d" -MT"src/testing.o" -o "src/testing.o" "../src/testing.cpp"
Finished building: ../src/testing.cpp
 
Building target: testing
Invoking: MacOS X C++ Linker
g++  -o "testing"  ./src/testing.o   
Finished building target: testing
 
15:08:52 **** Incremental Build of configuration Debug for project testing ****
make all 
make: Nothing to be done for `all'.
15:09:14 **** Incremental Build of configuration Debug for project testing ****
make all 
Building file: ../src/testing.cpp
Invoking: GCC C++ Compiler
g++ --std=c++1z -O0 -g3 -Wall -c -fmessage-length=0 -MMD -MP -MF"src/testing.d" -MT"src/testing.o" -o "src/testing.o" "../src/testing.cpp"
Finished building: ../src/testing.cpp
 
Building target: testing
Invoking: MacOS X C++ Linker
g++  -o "testing"  ./src/testing.o   
Finished building target: testing
 
15:09:15 **** Incremental Build of configuration Debug for project testing ****
make all 
make: Nothing to be done for `all'.
15:09:21 **** Incremental Build of configuration Debug for project testing ****
make all 
Building file: ../src/testing.cpp
Invoking: GCC C++ Compiler
g++ --std=c++1z -O0 -g3 -Wall -c -fmessage-length=0 -MMD -MP -MF"src/testing.d" -MT"src/testing.o" -o "src/testing.o" "../src/testing.cpp"
Finished building: ../src/testing.cpp
 
Building target: testing
Invoking: MacOS X C++ Linker
g++  -o "testing"  ./src/testing.o   
Finished building target: testing
 
15:09:22 **** Incremental Build of configuration Debug for project testing ****
make all 
make: Nothing to be done for `all'.
15:09:39 **** Incremental Build of configuration Debug for project testing ****
make all 
Building file: ../src/testing.cpp
Invoking: GCC C++ Compiler
g++ --std=c++1z -O0 -g3 -Wall -c -fmessage-length=0 -MMD -MP -MF"src/testing.d" -MT"src/testing.o" -o "src/testing.o" "../src/testing.cpp"
Finished building: ../src/testing.cpp
 
Building target: testing
Invoking: MacOS X C++ Linker
g++  -o "testing"  ./src/testing.o   
Finished building target: testing
 
15:09:40 **** Incremental Build of configuration Debug for project testing ****
make all 
make: Nothing to be done for `all'.
15:10:34 **** Incremental Build of configuration Debug for project testing ****
make all 
Building file: ../src/testing.cpp
Invoking: GCC C++ Compiler
g++ --std=c++1z -O0 -g3 -Wall -c -fmessage-length=0 -MMD -MP -MF"src/testing.d" -MT"src/testing.o" -o "src/testing.o" "../src/testing.cpp"
Finished building: ../src/testing.cpp
 
Building target: testing
Invoking: MacOS X C++ Linker
g++  -o "testing"  ./src/testing.o   
Finished building target: testing
 
15:10:34 **** Incremental Build of configuration Debug for project testing ****
make all 
make: Nothing to be done for `all'.
15:15:36 **** Incremental Build of configuration Debug for project testing ****
make all 
Building file: ../src/testing.cpp
Invoking: GCC C++ Compiler
g++ --std=c++1z -O0 -g3 -Wall -c -fmessage-length=0 -MMD -MP -MF"src/testing.d" -MT"src/testing.o" -o "src/testing.o" "../src/testing.cpp"
Finished building: ../src/testing.cpp
 
Building target: testing
Invoking: MacOS X C++ Linker
g++  -o "testing"  ./src/testing.o   
Finished building target: testing
 
15:15:37 **** Incremental Build of configuration Debug for project testing ****
make all 
make: Nothing to be done for `all'.
15:42:48 **** Incremental Build of configuration Debug for project testing ****
make all 
Building file: ../src/testing.cpp
Invoking: GCC C++ Compiler
g++ --std=c++1z -O0 -g3 -Wall -c -fmessage-length=0 -MMD -MP -MF"src/testing.d" -MT"src/testing.o" -o "src/testing.o" "../src/testing.cpp"
../src/testing.cpp:25:4: error: function definition is not allowed here
                        {
                        ^
1 error generated.
make: *** [src/testing.o] Error 1
"make all" terminated with exit code 2. Build might be incomplete.
15:43:10 **** Incremental Build of configuration Debug for project testing ****
make all 
Building file: ../src/testing.cpp
Invoking: GCC C++ Compiler
g++ --std=c++1z -O0 -g3 -Wall -c -fmessage-length=0 -MMD -MP -MF"src/testing.d" -MT"src/testing.o" -o "src/testing.o" "../src/testing.cpp"
../src/testing.cpp:24:18: error: non-member function cannot have 'const' qualifier
                        double area() const;
                                      ^~~~~
1 error generated.
make: *** [src/testing.o] Error 1
"make all" terminated with exit code 2. Build might be incomplete.
15:44:07 **** Incremental Build of configuration Debug for project testing ****
make all 
Building file: ../src/testing.cpp
Invoking: GCC C++ Compiler
g++ --std=c++1z -O0 -g3 -Wall -c -fmessage-length=0 -MMD -MP -MF"src/testing.d" -MT"src/testing.o" -o "src/testing.o" "../src/testing.cpp"
../src/testing.cpp:24:18: error: non-member function cannot have 'const' qualifier
                        double area() const;
                                      ^~~~~
../src/testing.cpp:29:15: error: no member named 'area' in 'Shape'
double Shape::area const {
       ~~~~~~~^
../src/testing.cpp:29:19: error: expected ';' after top level declarator
double Shape::area const {
                  ^
                  ;
../src/testing.cpp:29:26: error: expected unqualified-id
double Shape::area const {
                         ^
4 errors generated.
make: *** [src/testing.o] Error 1
"make all" terminated with exit code 2. Build might be incomplete.
15:44:59 **** Incremental Build of configuration Debug for project testing ****
make all 
Building file: ../src/testing.cpp
Invoking: GCC C++ Compiler
g++ --std=c++1z -O0 -g3 -Wall -c -fmessage-length=0 -MMD -MP -MF"src/testing.d" -MT"src/testing.o" -o "src/testing.o" "../src/testing.cpp"
Finished building: ../src/testing.cpp
 
Building target: testing
Invoking: MacOS X C++ Linker
g++  -o "testing"  ./src/testing.o   
Finished building target: testing
 
15:49:46 **** Incremental Build of configuration Debug for project testing ****
make all 
Building file: ../src/testing.cpp
Invoking: GCC C++ Compiler
g++ --std=c++1z -O0 -g3 -Wall -c -fmessage-length=0 -MMD -MP -MF"src/testing.d" -MT"src/testing.o" -o "src/testing.o" "../src/testing.cpp"
../src/testing.cpp:42:7: error: called object type 'double' is not a function or function pointer
                        p_w(w);
                        ~~~^
../src/testing.cpp:43:7: error: called object type 'double' is not a function or function pointer
                        p_h(h);
                        ~~~^
../src/testing.cpp:63:11: error: called object type 'double' is not a function or function pointer
                        p_end_x(end_x);
                        ~~~~~~~^
../src/testing.cpp:64:11: error: called object type 'double' is not a function or function pointer
                        p_end_y(end_y);
                        ~~~~~~~^
4 errors generated.
make: *** [src/testing.o] Error 1
"make all" terminated with exit code 2. Build might be incomplete.
15:51:04 **** Incremental Build of configuration Debug for project testing ****
make all 
Building file: ../src/testing.cpp
Invoking: GCC C++ Compiler
g++ --std=c++1z -O0 -g3 -Wall -c -fmessage-length=0 -MMD -MP -MF"src/testing.d" -MT"src/testing.o" -o "src/testing.o" "../src/testing.cpp"
Finished building: ../src/testing.cpp
 
Building target: testing
Invoking: MacOS X C++ Linker
g++  -o "testing"  ./src/testing.o   
Finished building target: testing
 
15:52:29 **** Incremental Build of configuration Debug for project testing ****
make all 
Building file: ../src/testing.cpp
Invoking: GCC C++ Compiler
g++ --std=c++1z -O0 -g3 -Wall -c -fmessage-length=0 -MMD -MP -MF"src/testing.d" -MT"src/testing.o" -o "src/testing.o" "../src/testing.cpp"
Finished building: ../src/testing.cpp
 
Building target: testing
Invoking: MacOS X C++ Linker
g++  -o "testing"  ./src/testing.o   
Finished building target: testing
 
15:52:30 **** Incremental Build of configuration Debug for project testing ****
make all 
make: Nothing to be done for `all'.
16:09:35 **** Incremental Build of configuration Debug for project testing ****
make all 
Building file: ../src/testing.cpp
Invoking: GCC C++ Compiler
g++ --std=c++1z -O0 -g3 -Wall -c -fmessage-length=0 -MMD -MP -MF"src/testing.d" -MT"src/testing.o" -o "src/testing.o" "../src/testing.cpp"
Finished building: ../src/testing.cpp
 
Building target: testing
Invoking: MacOS X C++ Linker
g++  -o "testing"  ./src/testing.o   
Finished building target: testing
 
16:09:38 **** Incremental Build of configuration Debug for project testing ****
make all 
make: Nothing to be done for `all'.
16:17:14 **** Incremental Build of configuration Debug for project testing ****
make all 
Building file: ../src/testing.cpp
Invoking: GCC C++ Compiler
g++ --std=c++1z -O0 -g3 -Wall -c -fmessage-length=0 -MMD -MP -MF"src/testing.d" -MT"src/testing.o" -o "src/testing.o" "../src/testing.cpp"
Finished building: ../src/testing.cpp
 
Building target: testing
Invoking: MacOS X C++ Linker
g++  -o "testing"  ./src/testing.o   
Finished building target: testing
 
16:17:28 **** Incremental Build of configuration Debug for project testing ****
make all 
Building file: ../src/testing.cpp
Invoking: GCC C++ Compiler
g++ --std=c++1z -O0 -g3 -Wall -c -fmessage-length=0 -MMD -MP -MF"src/testing.d" -MT"src/testing.o" -o "src/testing.o" "../src/testing.cpp"
Finished building: ../src/testing.cpp
 
Building target: testing
Invoking: MacOS X C++ Linker
g++  -o "testing"  ./src/testing.o   
Finished building target: testing
 
16:17:34 **** Incremental Build of configuration Debug for project testing ****
make all 
Building file: ../src/testing.cpp
Invoking: GCC C++ Compiler
g++ --std=c++1z -O0 -g3 -Wall -c -fmessage-length=0 -MMD -MP -MF"src/testing.d" -MT"src/testing.o" -o "src/testing.o" "../src/testing.cpp"
Finished building: ../src/testing.cpp
 
Building target: testing
Invoking: MacOS X C++ Linker
g++  -o "testing"  ./src/testing.o   
Finished building target: testing
 
16:17:35 **** Incremental Build of configuration Debug for project testing ****
make all 
make: Nothing to be done for `all'.
16:19:14 **** Incremental Build of configuration Debug for project testing ****
make all 
Building file: ../src/testing.cpp
Invoking: GCC C++ Compiler
g++ --std=c++1z -O0 -g3 -Wall -c -fmessage-length=0 -MMD -MP -MF"src/testing.d" -MT"src/testing.o" -o "src/testing.o" "../src/testing.cpp"
Finished building: ../src/testing.cpp
 
Building target: testing
Invoking: MacOS X C++ Linker
g++  -o "testing"  ./src/testing.o   
Finished building target: testing
 
16:19:14 **** Incremental Build of configuration Debug for project testing ****
make all 
make: Nothing to be done for `all'.
16:20:48 **** Incremental Build of configuration Debug for project testing ****
make all 
Building file: ../src/testing.cpp
Invoking: GCC C++ Compiler
g++ --std=c++1z -O0 -g3 -Wall -c -fmessage-length=0 -MMD -MP -MF"src/testing.d" -MT"src/testing.o" -o "src/testing.o" "../src/testing.cpp"
../src/testing.cpp:77:7: error: invalid operands to binary expression ('std::ostream' (aka 'basic_ostream<char>') and 'Shape')
        cout << shape_ref1;
        ~~~~ ^  ~~~~~~~~~~
/Library/Developer/CommandLineTools/SDKs/MacOSX.sdk/usr/include/c++/v1/cstddef:116:3: note: candidate function template not viable: no known conversion from 'std::ostream' (aka 'basic_ostream<char>') to 'std::byte' for 1st argument
  operator<< (byte  __lhs, _Integer __shift) noexcept
  ^
/Library/Developer/CommandLineTools/SDKs/MacOSX.sdk/usr/include/c++/v1/ostream:793:1: note: candidate function template not viable: no known conversion from 'Shape' to 'char' for 2nd argument
operator<<(basic_ostream<_CharT, _Traits>& __os, char __cn)
^
/Library/Developer/CommandLineTools/SDKs/MacOSX.sdk/usr/include/c++/v1/ostream:826:1: note: candidate function template not viable: no known conversion from 'Shape' to 'char' for 2nd argument
operator<<(basic_ostream<char, _Traits>& __os, char __c)
^
/Library/Developer/CommandLineTools/SDKs/MacOSX.sdk/usr/include/c++/v1/ostream:833:1: note: candidate function template not viable: no known conversion from 'Shape' to 'signed char' for 2nd argument
operator<<(basic_ostream<char, _Traits>& __os, signed char __c)
^
/Library/Developer/CommandLineTools/SDKs/MacOSX.sdk/usr/include/c++/v1/ostream:840:1: note: candidate function template not viable: no known conversion from 'Shape' to 'unsigned char' for 2nd argument
operator<<(basic_ostream<char, _Traits>& __os, unsigned char __c)
^
/Library/Developer/CommandLineTools/SDKs/MacOSX.sdk/usr/include/c++/v1/ostream:854:1: note: candidate function template not viable: no known conversion from 'Shape' to 'const char *' for 2nd argument
operator<<(basic_ostream<_CharT, _Traits>& __os, const char* __strn)
^
/Library/Developer/CommandLineTools/SDKs/MacOSX.sdk/usr/include/c++/v1/ostream:900:1: note: candidate function template not viable: no known conversion from 'Shape' to 'const char *' for 2nd argument
operator<<(basic_ostream<char, _Traits>& __os, const char* __str)
^
/Library/Developer/CommandLineTools/SDKs/MacOSX.sdk/usr/include/c++/v1/ostream:907:1: note: candidate function template not viable: no known conversion from 'Shape' to 'const signed char *' for 2nd argument
operator<<(basic_ostream<char, _Traits>& __os, const signed char* __str)
^
/Library/Developer/CommandLineTools/SDKs/MacOSX.sdk/usr/include/c++/v1/ostream:915:1: note: candidate function template not viable: no known conversion from 'Shape' to 'const unsigned char *' for 2nd argument
operator<<(basic_ostream<char, _Traits>& __os, const unsigned char* __str)
^
/Library/Developer/CommandLineTools/SDKs/MacOSX.sdk/usr/include/c++/v1/ostream:1100:1: note: candidate function template not viable: no known conversion from 'Shape' to 'const std::error_code' for 2nd argument
operator<<(basic_ostream<_CharT, _Traits>& __os, const error_code& __ec)
^
/Library/Developer/CommandLineTools/SDKs/MacOSX.sdk/usr/include/c++/v1/ostream:786:1: note: candidate template ignored: deduced conflicting types for parameter '_CharT' ('char' vs. 'Shape')
operator<<(basic_ostream<_CharT, _Traits>& __os, _CharT __c)
^
/Library/Developer/CommandLineTools/SDKs/MacOSX.sdk/usr/include/c++/v1/__random/uniform_int_distribution.h:259:1: note: candidate template ignored: could not match 'uniform_int_distribution<_IT>' against 'Shape'
operator<<(basic_ostream<_CharT, _Traits>& __os,
^
/Library/Developer/CommandLineTools/SDKs/MacOSX.sdk/usr/include/c++/v1/ostream:847:1: note: candidate template ignored: could not match 'const _CharT *' against 'Shape'
operator<<(basic_ostream<_CharT, _Traits>& __os, const _CharT* __str)
^
/Library/Developer/CommandLineTools/SDKs/MacOSX.sdk/usr/include/c++/v1/ostream:1083:1: note: candidate template ignored: could not match 'basic_string<_CharT, _Traits, _Allocator>' against 'Shape'
operator<<(basic_ostream<_CharT, _Traits>& __os,
^
/Library/Developer/CommandLineTools/SDKs/MacOSX.sdk/usr/include/c++/v1/ostream:1091:1: note: candidate template ignored: could not match 'basic_string_view<_CharT, _Traits>' against 'Shape'
operator<<(basic_ostream<_CharT, _Traits>& __os,
^
/Library/Developer/CommandLineTools/SDKs/MacOSX.sdk/usr/include/c++/v1/ostream:1108:1: note: candidate template ignored: could not match 'shared_ptr<_Yp>' against 'Shape'
operator<<(basic_ostream<_CharT, _Traits>& __os, shared_ptr<_Yp> const& __p)
^
/Library/Developer/CommandLineTools/SDKs/MacOSX.sdk/usr/include/c++/v1/ostream:1127:1: note: candidate template ignored: could not match 'bitset<_Size>' against 'Shape'
operator<<(basic_ostream<_CharT, _Traits>& __os, const bitset<_Size>& __x)
^
/Library/Developer/CommandLineTools/SDKs/MacOSX.sdk/usr/include/c++/v1/ostream:1075:11: note: candidate template ignored: requirement 'integral_constant<bool, false>::value' was not satisfied [with _Stream = std::ostream &, _Tp = Shape]
_Stream&& operator<<(_Stream&& __os, const _Tp& __x)
          ^
/Library/Developer/CommandLineTools/SDKs/MacOSX.sdk/usr/include/c++/v1/ostream:1120:1: note: candidate template ignored: could not match 'unique_ptr<_Yp, _Dp>' against 'Shape'
operator<<(basic_ostream<_CharT, _Traits>& __os, unique_ptr<_Yp, _Dp> const& __p)
^
/Library/Developer/CommandLineTools/SDKs/MacOSX.sdk/usr/include/c++/v1/ostream:222:20: note: candidate function not viable: no known conversion from 'Shape' to 'std::ostream &(*)(std::ostream &)' for 1st argument
    basic_ostream& operator<<(basic_ostream& (*__pf)(basic_ostream&))
                   ^
/Library/Developer/CommandLineTools/SDKs/MacOSX.sdk/usr/include/c++/v1/ostream:226:20: note: candidate function not viable: no known conversion from 'Shape' to 'basic_ios<std::basic_ostream<char>::char_type, std::basic_ostream<char>::traits_type> &(*)(basic_ios<std::basic_ostream<char>::char_type, std::basic_ostream<char>::traits_type> &)' (aka 'basic_ios<char, std::char_traits<char>> &(*)(basic_ios<char, std::char_traits<char>> &)') for 1st argument
    basic_ostream& operator<<(basic_ios<char_type, traits_type>&
                   ^
/Library/Developer/CommandLineTools/SDKs/MacOSX.sdk/usr/include/c++/v1/ostream:231:20: note: candidate function not viable: no known conversion from 'Shape' to 'std::ios_base &(*)(std::ios_base &)' for 1st argument
    basic_ostream& operator<<(ios_base& (*__pf)(ios_base&))
                   ^
/Library/Developer/CommandLineTools/SDKs/MacOSX.sdk/usr/include/c++/v1/ostream:234:20: note: candidate function not viable: no known conversion from 'Shape' to 'bool' for 1st argument
    basic_ostream& operator<<(bool __n);
                   ^
/Library/Developer/CommandLineTools/SDKs/MacOSX.sdk/usr/include/c++/v1/ostream:235:20: note: candidate function not viable: no known conversion from 'Shape' to 'short' for 1st argument
    basic_ostream& operator<<(short __n);
                   ^
/Library/Developer/CommandLineTools/SDKs/MacOSX.sdk/usr/include/c++/v1/ostream:236:20: note: candidate function not viable: no known conversion from 'Shape' to 'unsigned short' for 1st argument
    basic_ostream& operator<<(unsigned short __n);
                   ^
/Library/Developer/CommandLineTools/SDKs/MacOSX.sdk/usr/include/c++/v1/ostream:237:20: note: candidate function not viable: no known conversion from 'Shape' to 'int' for 1st argument
    basic_ostream& operator<<(int __n);
                   ^
/Library/Developer/CommandLineTools/SDKs/MacOSX.sdk/usr/include/c++/v1/ostream:238:20: note: candidate function not viable: no known conversion from 'Shape' to 'unsigned int' for 1st argument
    basic_ostream& operator<<(unsigned int __n);
                   ^
/Library/Developer/CommandLineTools/SDKs/MacOSX.sdk/usr/include/c++/v1/ostream:239:20: note: candidate function not viable: no known conversion from 'Shape' to 'long' for 1st argument
    basic_ostream& operator<<(long __n);
                   ^
/Library/Developer/CommandLineTools/SDKs/MacOSX.sdk/usr/include/c++/v1/ostream:240:20: note: candidate function not viable: no known conversion from 'Shape' to 'unsigned long' for 1st argument
    basic_ostream& operator<<(unsigned long __n);
                   ^
/Library/Developer/CommandLineTools/SDKs/MacOSX.sdk/usr/include/c++/v1/ostream:241:20: note: candidate function not viable: no known conversion from 'Shape' to 'long long' for 1st argument
    basic_ostream& operator<<(long long __n);
                   ^
/Library/Developer/CommandLineTools/SDKs/MacOSX.sdk/usr/include/c++/v1/ostream:242:20: note: candidate function not viable: no known conversion from 'Shape' to 'unsigned long long' for 1st argument
    basic_ostream& operator<<(unsigned long long __n);
                   ^
/Library/Developer/CommandLineTools/SDKs/MacOSX.sdk/usr/include/c++/v1/ostream:243:20: note: candidate function not viable: no known conversion from 'Shape' to 'float' for 1st argument
    basic_ostream& operator<<(float __f);
                   ^
/Library/Developer/CommandLineTools/SDKs/MacOSX.sdk/usr/include/c++/v1/ostream:244:20: note: candidate function not viable: no known conversion from 'Shape' to 'double' for 1st argument
    basic_ostream& operator<<(double __f);
                   ^
/Library/Developer/CommandLineTools/SDKs/MacOSX.sdk/usr/include/c++/v1/ostream:245:20: note: candidate function not viable: no known conversion from 'Shape' to 'long double' for 1st argument
    basic_ostream& operator<<(long double __f);
                   ^
/Library/Developer/CommandLineTools/SDKs/MacOSX.sdk/usr/include/c++/v1/ostream:246:20: note: candidate function not viable: no known conversion from 'Shape' to 'const void *' for 1st argument; take the address of the argument with &
    basic_ostream& operator<<(const void* __p);
                   ^
/Library/Developer/CommandLineTools/SDKs/MacOSX.sdk/usr/include/c++/v1/ostream:255:20: note: candidate function not viable: no known conversion from 'Shape' to 'basic_streambuf<std::basic_ostream<char>::char_type, std::basic_ostream<char>::traits_type> *' (aka 'basic_streambuf<char, std::char_traits<char>> *') for 1st argument
    basic_ostream& operator<<(basic_streambuf<char_type, traits_type>* __sb);
                   ^
/Library/Developer/CommandLineTools/SDKs/MacOSX.sdk/usr/include/c++/v1/ostream:261:20: note: candidate function not viable: no known conversion from 'Shape' to 'nullptr_t' (aka 'std::nullptr_t') for 1st argument
    basic_ostream& operator<<(nullptr_t)
                   ^
1 error generated.
make: *** [src/testing.o] Error 1
"make all" terminated with exit code 2. Build might be incomplete.
16:20:48 **** Incremental Build of configuration Debug for project testing ****
make all 
Building file: ../src/testing.cpp
Invoking: GCC C++ Compiler
g++ --std=c++1z -O0 -g3 -Wall -c -fmessage-length=0 -MMD -MP -MF"src/testing.d" -MT"src/testing.o" -o "src/testing.o" "../src/testing.cpp"
../src/testing.cpp:77:7: error: invalid operands to binary expression ('std::ostream' (aka 'basic_ostream<char>') and 'Shape')
        cout << shape_ref1;
        ~~~~ ^  ~~~~~~~~~~
/Library/Developer/CommandLineTools/SDKs/MacOSX.sdk/usr/include/c++/v1/cstddef:116:3: note: candidate function template not viable: no known conversion from 'std::ostream' (aka 'basic_ostream<char>') to 'std::byte' for 1st argument
  operator<< (byte  __lhs, _Integer __shift) noexcept
  ^
/Library/Developer/CommandLineTools/SDKs/MacOSX.sdk/usr/include/c++/v1/ostream:793:1: note: candidate function template not viable: no known conversion from 'Shape' to 'char' for 2nd argument
operator<<(basic_ostream<_CharT, _Traits>& __os, char __cn)
^
/Library/Developer/CommandLineTools/SDKs/MacOSX.sdk/usr/include/c++/v1/ostream:826:1: note: candidate function template not viable: no known conversion from 'Shape' to 'char' for 2nd argument
operator<<(basic_ostream<char, _Traits>& __os, char __c)
^
/Library/Developer/CommandLineTools/SDKs/MacOSX.sdk/usr/include/c++/v1/ostream:833:1: note: candidate function template not viable: no known conversion from 'Shape' to 'signed char' for 2nd argument
operator<<(basic_ostream<char, _Traits>& __os, signed char __c)
^
/Library/Developer/CommandLineTools/SDKs/MacOSX.sdk/usr/include/c++/v1/ostream:840:1: note: candidate function template not viable: no known conversion from 'Shape' to 'unsigned char' for 2nd argument
operator<<(basic_ostream<char, _Traits>& __os, unsigned char __c)
^
/Library/Developer/CommandLineTools/SDKs/MacOSX.sdk/usr/include/c++/v1/ostream:854:1: note: candidate function template not viable: no known conversion from 'Shape' to 'const char *' for 2nd argument
operator<<(basic_ostream<_CharT, _Traits>& __os, const char* __strn)
^
/Library/Developer/CommandLineTools/SDKs/MacOSX.sdk/usr/include/c++/v1/ostream:900:1: note: candidate function template not viable: no known conversion from 'Shape' to 'const char *' for 2nd argument
operator<<(basic_ostream<char, _Traits>& __os, const char* __str)
^
/Library/Developer/CommandLineTools/SDKs/MacOSX.sdk/usr/include/c++/v1/ostream:907:1: note: candidate function template not viable: no known conversion from 'Shape' to 'const signed char *' for 2nd argument
operator<<(basic_ostream<char, _Traits>& __os, const signed char* __str)
^
/Library/Developer/CommandLineTools/SDKs/MacOSX.sdk/usr/include/c++/v1/ostream:915:1: note: candidate function template not viable: no known conversion from 'Shape' to 'const unsigned char *' for 2nd argument
operator<<(basic_ostream<char, _Traits>& __os, const unsigned char* __str)
^
/Library/Developer/CommandLineTools/SDKs/MacOSX.sdk/usr/include/c++/v1/ostream:1100:1: note: candidate function template not viable: no known conversion from 'Shape' to 'const std::error_code' for 2nd argument
operator<<(basic_ostream<_CharT, _Traits>& __os, const error_code& __ec)
^
/Library/Developer/CommandLineTools/SDKs/MacOSX.sdk/usr/include/c++/v1/ostream:786:1: note: candidate template ignored: deduced conflicting types for parameter '_CharT' ('char' vs. 'Shape')
operator<<(basic_ostream<_CharT, _Traits>& __os, _CharT __c)
^
/Library/Developer/CommandLineTools/SDKs/MacOSX.sdk/usr/include/c++/v1/__random/uniform_int_distribution.h:259:1: note: candidate template ignored: could not match 'uniform_int_distribution<_IT>' against 'Shape'
operator<<(basic_ostream<_CharT, _Traits>& __os,
^
/Library/Developer/CommandLineTools/SDKs/MacOSX.sdk/usr/include/c++/v1/ostream:847:1: note: candidate template ignored: could not match 'const _CharT *' against 'Shape'
operator<<(basic_ostream<_CharT, _Traits>& __os, const _CharT* __str)
^
/Library/Developer/CommandLineTools/SDKs/MacOSX.sdk/usr/include/c++/v1/ostream:1083:1: note: candidate template ignored: could not match 'basic_string<_CharT, _Traits, _Allocator>' against 'Shape'
operator<<(basic_ostream<_CharT, _Traits>& __os,
^
/Library/Developer/CommandLineTools/SDKs/MacOSX.sdk/usr/include/c++/v1/ostream:1091:1: note: candidate template ignored: could not match 'basic_string_view<_CharT, _Traits>' against 'Shape'
operator<<(basic_ostream<_CharT, _Traits>& __os,
^
/Library/Developer/CommandLineTools/SDKs/MacOSX.sdk/usr/include/c++/v1/ostream:1108:1: note: candidate template ignored: could not match 'shared_ptr<_Yp>' against 'Shape'
operator<<(basic_ostream<_CharT, _Traits>& __os, shared_ptr<_Yp> const& __p)
^
/Library/Developer/CommandLineTools/SDKs/MacOSX.sdk/usr/include/c++/v1/ostream:1127:1: note: candidate template ignored: could not match 'bitset<_Size>' against 'Shape'
operator<<(basic_ostream<_CharT, _Traits>& __os, const bitset<_Size>& __x)
^
/Library/Developer/CommandLineTools/SDKs/MacOSX.sdk/usr/include/c++/v1/ostream:1075:11: note: candidate template ignored: requirement 'integral_constant<bool, false>::value' was not satisfied [with _Stream = std::ostream &, _Tp = Shape]
_Stream&& operator<<(_Stream&& __os, const _Tp& __x)
          ^
/Library/Developer/CommandLineTools/SDKs/MacOSX.sdk/usr/include/c++/v1/ostream:1120:1: note: candidate template ignored: could not match 'unique_ptr<_Yp, _Dp>' against 'Shape'
operator<<(basic_ostream<_CharT, _Traits>& __os, unique_ptr<_Yp, _Dp> const& __p)
^
/Library/Developer/CommandLineTools/SDKs/MacOSX.sdk/usr/include/c++/v1/ostream:222:20: note: candidate function not viable: no known conversion from 'Shape' to 'std::ostream &(*)(std::ostream &)' for 1st argument
    basic_ostream& operator<<(basic_ostream& (*__pf)(basic_ostream&))
                   ^
/Library/Developer/CommandLineTools/SDKs/MacOSX.sdk/usr/include/c++/v1/ostream:226:20: note: candidate function not viable: no known conversion from 'Shape' to 'basic_ios<std::basic_ostream<char>::char_type, std::basic_ostream<char>::traits_type> &(*)(basic_ios<std::basic_ostream<char>::char_type, std::basic_ostream<char>::traits_type> &)' (aka 'basic_ios<char, std::char_traits<char>> &(*)(basic_ios<char, std::char_traits<char>> &)') for 1st argument
    basic_ostream& operator<<(basic_ios<char_type, traits_type>&
                   ^
/Library/Developer/CommandLineTools/SDKs/MacOSX.sdk/usr/include/c++/v1/ostream:231:20: note: candidate function not viable: no known conversion from 'Shape' to 'std::ios_base &(*)(std::ios_base &)' for 1st argument
    basic_ostream& operator<<(ios_base& (*__pf)(ios_base&))
                   ^
/Library/Developer/CommandLineTools/SDKs/MacOSX.sdk/usr/include/c++/v1/ostream:234:20: note: candidate function not viable: no known conversion from 'Shape' to 'bool' for 1st argument
    basic_ostream& operator<<(bool __n);
                   ^
/Library/Developer/CommandLineTools/SDKs/MacOSX.sdk/usr/include/c++/v1/ostream:235:20: note: candidate function not viable: no known conversion from 'Shape' to 'short' for 1st argument
    basic_ostream& operator<<(short __n);
                   ^
/Library/Developer/CommandLineTools/SDKs/MacOSX.sdk/usr/include/c++/v1/ostream:236:20: note: candidate function not viable: no known conversion from 'Shape' to 'unsigned short' for 1st argument
    basic_ostream& operator<<(unsigned short __n);
                   ^
/Library/Developer/CommandLineTools/SDKs/MacOSX.sdk/usr/include/c++/v1/ostream:237:20: note: candidate function not viable: no known conversion from 'Shape' to 'int' for 1st argument
    basic_ostream& operator<<(int __n);
                   ^
/Library/Developer/CommandLineTools/SDKs/MacOSX.sdk/usr/include/c++/v1/ostream:238:20: note: candidate function not viable: no known conversion from 'Shape' to 'unsigned int' for 1st argument
    basic_ostream& operator<<(unsigned int __n);
                   ^
/Library/Developer/CommandLineTools/SDKs/MacOSX.sdk/usr/include/c++/v1/ostream:239:20: note: candidate function not viable: no known conversion from 'Shape' to 'long' for 1st argument
    basic_ostream& operator<<(long __n);
                   ^
/Library/Developer/CommandLineTools/SDKs/MacOSX.sdk/usr/include/c++/v1/ostream:240:20: note: candidate function not viable: no known conversion from 'Shape' to 'unsigned long' for 1st argument
    basic_ostream& operator<<(unsigned long __n);
                   ^
/Library/Developer/CommandLineTools/SDKs/MacOSX.sdk/usr/include/c++/v1/ostream:241:20: note: candidate function not viable: no known conversion from 'Shape' to 'long long' for 1st argument
    basic_ostream& operator<<(long long __n);
                   ^
/Library/Developer/CommandLineTools/SDKs/MacOSX.sdk/usr/include/c++/v1/ostream:242:20: note: candidate function not viable: no known conversion from 'Shape' to 'unsigned long long' for 1st argument
    basic_ostream& operator<<(unsigned long long __n);
                   ^
/Library/Developer/CommandLineTools/SDKs/MacOSX.sdk/usr/include/c++/v1/ostream:243:20: note: candidate function not viable: no known conversion from 'Shape' to 'float' for 1st argument
    basic_ostream& operator<<(float __f);
                   ^
/Library/Developer/CommandLineTools/SDKs/MacOSX.sdk/usr/include/c++/v1/ostream:244:20: note: candidate function not viable: no known conversion from 'Shape' to 'double' for 1st argument
    basic_ostream& operator<<(double __f);
                   ^
/Library/Developer/CommandLineTools/SDKs/MacOSX.sdk/usr/include/c++/v1/ostream:245:20: note: candidate function not viable: no known conversion from 'Shape' to 'long double' for 1st argument
    basic_ostream& operator<<(long double __f);
                   ^
/Library/Developer/CommandLineTools/SDKs/MacOSX.sdk/usr/include/c++/v1/ostream:246:20: note: candidate function not viable: no known conversion from 'Shape' to 'const void *' for 1st argument; take the address of the argument with &
    basic_ostream& operator<<(const void* __p);
                   ^
/Library/Developer/CommandLineTools/SDKs/MacOSX.sdk/usr/include/c++/v1/ostream:255:20: note: candidate function not viable: no known conversion from 'Shape' to 'basic_streambuf<std::basic_ostream<char>::char_type, std::basic_ostream<char>::traits_type> *' (aka 'basic_streambuf<char, std::char_traits<char>> *') for 1st argument
    basic_ostream& operator<<(basic_streambuf<char_type, traits_type>* __sb);
                   ^
/Library/Developer/CommandLineTools/SDKs/MacOSX.sdk/usr/include/c++/v1/ostream:261:20: note: candidate function not viable: no known conversion from 'Shape' to 'nullptr_t' (aka 'std::nullptr_t') for 1st argument
    basic_ostream& operator<<(nullptr_t)
                   ^
1 error generated.
make: *** [src/testing.o] Error 1
"make all" terminated with exit code 2. Build might be incomplete.
16:20:51 **** Incremental Build of configuration Debug for project testing ****
make all 
Building file: ../src/testing.cpp
Invoking: GCC C++ Compiler
g++ --std=c++1z -O0 -g3 -Wall -c -fmessage-length=0 -MMD -MP -MF"src/testing.d" -MT"src/testing.o" -o "src/testing.o" "../src/testing.cpp"
../src/testing.cpp:77:7: error: invalid operands to binary expression ('std::ostream' (aka 'basic_ostream<char>') and 'Shape')
        cout << shape_ref1;
        ~~~~ ^  ~~~~~~~~~~
/Library/Developer/CommandLineTools/SDKs/MacOSX.sdk/usr/include/c++/v1/cstddef:116:3: note: candidate function template not viable: no known conversion from 'std::ostream' (aka 'basic_ostream<char>') to 'std::byte' for 1st argument
  operator<< (byte  __lhs, _Integer __shift) noexcept
  ^
/Library/Developer/CommandLineTools/SDKs/MacOSX.sdk/usr/include/c++/v1/ostream:793:1: note: candidate function template not viable: no known conversion from 'Shape' to 'char' for 2nd argument
operator<<(basic_ostream<_CharT, _Traits>& __os, char __cn)
^
/Library/Developer/CommandLineTools/SDKs/MacOSX.sdk/usr/include/c++/v1/ostream:826:1: note: candidate function template not viable: no known conversion from 'Shape' to 'char' for 2nd argument
operator<<(basic_ostream<char, _Traits>& __os, char __c)
^
/Library/Developer/CommandLineTools/SDKs/MacOSX.sdk/usr/include/c++/v1/ostream:833:1: note: candidate function template not viable: no known conversion from 'Shape' to 'signed char' for 2nd argument
operator<<(basic_ostream<char, _Traits>& __os, signed char __c)
^
/Library/Developer/CommandLineTools/SDKs/MacOSX.sdk/usr/include/c++/v1/ostream:840:1: note: candidate function template not viable: no known conversion from 'Shape' to 'unsigned char' for 2nd argument
operator<<(basic_ostream<char, _Traits>& __os, unsigned char __c)
^
/Library/Developer/CommandLineTools/SDKs/MacOSX.sdk/usr/include/c++/v1/ostream:854:1: note: candidate function template not viable: no known conversion from 'Shape' to 'const char *' for 2nd argument
operator<<(basic_ostream<_CharT, _Traits>& __os, const char* __strn)
^
/Library/Developer/CommandLineTools/SDKs/MacOSX.sdk/usr/include/c++/v1/ostream:900:1: note: candidate function template not viable: no known conversion from 'Shape' to 'const char *' for 2nd argument
operator<<(basic_ostream<char, _Traits>& __os, const char* __str)
^
/Library/Developer/CommandLineTools/SDKs/MacOSX.sdk/usr/include/c++/v1/ostream:907:1: note: candidate function template not viable: no known conversion from 'Shape' to 'const signed char *' for 2nd argument
operator<<(basic_ostream<char, _Traits>& __os, const signed char* __str)
^
/Library/Developer/CommandLineTools/SDKs/MacOSX.sdk/usr/include/c++/v1/ostream:915:1: note: candidate function template not viable: no known conversion from 'Shape' to 'const unsigned char *' for 2nd argument
operator<<(basic_ostream<char, _Traits>& __os, const unsigned char* __str)
^
/Library/Developer/CommandLineTools/SDKs/MacOSX.sdk/usr/include/c++/v1/ostream:1100:1: note: candidate function template not viable: no known conversion from 'Shape' to 'const std::error_code' for 2nd argument
operator<<(basic_ostream<_CharT, _Traits>& __os, const error_code& __ec)
^
/Library/Developer/CommandLineTools/SDKs/MacOSX.sdk/usr/include/c++/v1/ostream:786:1: note: candidate template ignored: deduced conflicting types for parameter '_CharT' ('char' vs. 'Shape')
operator<<(basic_ostream<_CharT, _Traits>& __os, _CharT __c)
^
/Library/Developer/CommandLineTools/SDKs/MacOSX.sdk/usr/include/c++/v1/__random/uniform_int_distribution.h:259:1: note: candidate template ignored: could not match 'uniform_int_distribution<_IT>' against 'Shape'
operator<<(basic_ostream<_CharT, _Traits>& __os,
^
/Library/Developer/CommandLineTools/SDKs/MacOSX.sdk/usr/include/c++/v1/ostream:847:1: note: candidate template ignored: could not match 'const _CharT *' against 'Shape'
operator<<(basic_ostream<_CharT, _Traits>& __os, const _CharT* __str)
^
/Library/Developer/CommandLineTools/SDKs/MacOSX.sdk/usr/include/c++/v1/ostream:1083:1: note: candidate template ignored: could not match 'basic_string<_CharT, _Traits, _Allocator>' against 'Shape'
operator<<(basic_ostream<_CharT, _Traits>& __os,
^
/Library/Developer/CommandLineTools/SDKs/MacOSX.sdk/usr/include/c++/v1/ostream:1091:1: note: candidate template ignored: could not match 'basic_string_view<_CharT, _Traits>' against 'Shape'
operator<<(basic_ostream<_CharT, _Traits>& __os,
^
/Library/Developer/CommandLineTools/SDKs/MacOSX.sdk/usr/include/c++/v1/ostream:1108:1: note: candidate template ignored: could not match 'shared_ptr<_Yp>' against 'Shape'
operator<<(basic_ostream<_CharT, _Traits>& __os, shared_ptr<_Yp> const& __p)
^
/Library/Developer/CommandLineTools/SDKs/MacOSX.sdk/usr/include/c++/v1/ostream:1127:1: note: candidate template ignored: could not match 'bitset<_Size>' against 'Shape'
operator<<(basic_ostream<_CharT, _Traits>& __os, const bitset<_Size>& __x)
^
/Library/Developer/CommandLineTools/SDKs/MacOSX.sdk/usr/include/c++/v1/ostream:1075:11: note: candidate template ignored: requirement 'integral_constant<bool, false>::value' was not satisfied [with _Stream = std::ostream &, _Tp = Shape]
_Stream&& operator<<(_Stream&& __os, const _Tp& __x)
          ^
/Library/Developer/CommandLineTools/SDKs/MacOSX.sdk/usr/include/c++/v1/ostream:1120:1: note: candidate template ignored: could not match 'unique_ptr<_Yp, _Dp>' against 'Shape'
operator<<(basic_ostream<_CharT, _Traits>& __os, unique_ptr<_Yp, _Dp> const& __p)
^
/Library/Developer/CommandLineTools/SDKs/MacOSX.sdk/usr/include/c++/v1/ostream:222:20: note: candidate function not viable: no known conversion from 'Shape' to 'std::ostream &(*)(std::ostream &)' for 1st argument
    basic_ostream& operator<<(basic_ostream& (*__pf)(basic_ostream&))
                   ^
/Library/Developer/CommandLineTools/SDKs/MacOSX.sdk/usr/include/c++/v1/ostream:226:20: note: candidate function not viable: no known conversion from 'Shape' to 'basic_ios<std::basic_ostream<char>::char_type, std::basic_ostream<char>::traits_type> &(*)(basic_ios<std::basic_ostream<char>::char_type, std::basic_ostream<char>::traits_type> &)' (aka 'basic_ios<char, std::char_traits<char>> &(*)(basic_ios<char, std::char_traits<char>> &)') for 1st argument
    basic_ostream& operator<<(basic_ios<char_type, traits_type>&
                   ^
/Library/Developer/CommandLineTools/SDKs/MacOSX.sdk/usr/include/c++/v1/ostream:231:20: note: candidate function not viable: no known conversion from 'Shape' to 'std::ios_base &(*)(std::ios_base &)' for 1st argument
    basic_ostream& operator<<(ios_base& (*__pf)(ios_base&))
                   ^
/Library/Developer/CommandLineTools/SDKs/MacOSX.sdk/usr/include/c++/v1/ostream:234:20: note: candidate function not viable: no known conversion from 'Shape' to 'bool' for 1st argument
    basic_ostream& operator<<(bool __n);
                   ^
/Library/Developer/CommandLineTools/SDKs/MacOSX.sdk/usr/include/c++/v1/ostream:235:20: note: candidate function not viable: no known conversion from 'Shape' to 'short' for 1st argument
    basic_ostream& operator<<(short __n);
                   ^
/Library/Developer/CommandLineTools/SDKs/MacOSX.sdk/usr/include/c++/v1/ostream:236:20: note: candidate function not viable: no known conversion from 'Shape' to 'unsigned short' for 1st argument
    basic_ostream& operator<<(unsigned short __n);
                   ^
/Library/Developer/CommandLineTools/SDKs/MacOSX.sdk/usr/include/c++/v1/ostream:237:20: note: candidate function not viable: no known conversion from 'Shape' to 'int' for 1st argument
    basic_ostream& operator<<(int __n);
                   ^
/Library/Developer/CommandLineTools/SDKs/MacOSX.sdk/usr/include/c++/v1/ostream:238:20: note: candidate function not viable: no known conversion from 'Shape' to 'unsigned int' for 1st argument
    basic_ostream& operator<<(unsigned int __n);
                   ^
/Library/Developer/CommandLineTools/SDKs/MacOSX.sdk/usr/include/c++/v1/ostream:239:20: note: candidate function not viable: no known conversion from 'Shape' to 'long' for 1st argument
    basic_ostream& operator<<(long __n);
                   ^
/Library/Developer/CommandLineTools/SDKs/MacOSX.sdk/usr/include/c++/v1/ostream:240:20: note: candidate function not viable: no known conversion from 'Shape' to 'unsigned long' for 1st argument
    basic_ostream& operator<<(unsigned long __n);
                   ^
/Library/Developer/CommandLineTools/SDKs/MacOSX.sdk/usr/include/c++/v1/ostream:241:20: note: candidate function not viable: no known conversion from 'Shape' to 'long long' for 1st argument
    basic_ostream& operator<<(long long __n);
                   ^
/Library/Developer/CommandLineTools/SDKs/MacOSX.sdk/usr/include/c++/v1/ostream:242:20: note: candidate function not viable: no known conversion from 'Shape' to 'unsigned long long' for 1st argument
    basic_ostream& operator<<(unsigned long long __n);
                   ^
/Library/Developer/CommandLineTools/SDKs/MacOSX.sdk/usr/include/c++/v1/ostream:243:20: note: candidate function not viable: no known conversion from 'Shape' to 'float' for 1st argument
    basic_ostream& operator<<(float __f);
                   ^
/Library/Developer/CommandLineTools/SDKs/MacOSX.sdk/usr/include/c++/v1/ostream:244:20: note: candidate function not viable: no known conversion from 'Shape' to 'double' for 1st argument
    basic_ostream& operator<<(double __f);
                   ^
/Library/Developer/CommandLineTools/SDKs/MacOSX.sdk/usr/include/c++/v1/ostream:245:20: note: candidate function not viable: no known conversion from 'Shape' to 'long double' for 1st argument
    basic_ostream& operator<<(long double __f);
                   ^
/Library/Developer/CommandLineTools/SDKs/MacOSX.sdk/usr/include/c++/v1/ostream:246:20: note: candidate function not viable: no known conversion from 'Shape' to 'const void *' for 1st argument; take the address of the argument with &
    basic_ostream& operator<<(const void* __p);
                   ^
/Library/Developer/CommandLineTools/SDKs/MacOSX.sdk/usr/include/c++/v1/ostream:255:20: note: candidate function not viable: no known conversion from 'Shape' to 'basic_streambuf<std::basic_ostream<char>::char_type, std::basic_ostream<char>::traits_type> *' (aka 'basic_streambuf<char, std::char_traits<char>> *') for 1st argument
    basic_ostream& operator<<(basic_streambuf<char_type, traits_type>* __sb);
                   ^
/Library/Developer/CommandLineTools/SDKs/MacOSX.sdk/usr/include/c++/v1/ostream:261:20: note: candidate function not viable: no known conversion from 'Shape' to 'nullptr_t' (aka 'std::nullptr_t') for 1st argument
    basic_ostream& operator<<(nullptr_t)
                   ^
1 error generated.
make: *** [src/testing.o] Error 1
"make all" terminated with exit code 2. Build might be incomplete.
16:21:28 **** Incremental Build of configuration Debug for project testing ****
make all 
Building file: ../src/testing.cpp
Invoking: GCC C++ Compiler
g++ --std=c++1z -O0 -g3 -Wall -c -fmessage-length=0 -MMD -MP -MF"src/testing.d" -MT"src/testing.o" -o "src/testing.o" "../src/testing.cpp"
Finished building: ../src/testing.cpp
 
Building target: testing
Invoking: MacOS X C++ Linker
g++  -o "testing"  ./src/testing.o   
Finished building target: testing
 
16:21:29 **** Incremental Build of configuration Debug for project testing ****
make all 
make: Nothing to be done for `all'.
16:23:42 **** Incremental Build of configuration Debug for project testing ****
make all 
Building file: ../src/testing.cpp
Invoking: GCC C++ Compiler
g++ --std=c++1z -O0 -g3 -Wall -c -fmessage-length=0 -MMD -MP -MF"src/testing.d" -MT"src/testing.o" -o "src/testing.o" "../src/testing.cpp"
../src/testing.cpp:81:9: warning: unused variable 'shape_ref2' [-Wunused-variable]
        Shape& shape_ref2 = line; // Adresse von line Objekt
               ^
1 warning generated.
Finished building: ../src/testing.cpp
 
Building target: testing
Invoking: MacOS X C++ Linker
g++  -o "testing"  ./src/testing.o   
Finished building target: testing
 
16:27:06 **** Incremental Build of configuration Debug for project testing ****
make all 
Building file: ../src/testing.cpp
Invoking: GCC C++ Compiler
g++ --std=c++1z -O0 -g3 -Wall -c -fmessage-length=0 -MMD -MP -MF"src/testing.d" -MT"src/testing.o" -o "src/testing.o" "../src/testing.cpp"
Finished building: ../src/testing.cpp
 
Building target: testing
Invoking: MacOS X C++ Linker
g++  -o "testing"  ./src/testing.o   
Finished building target: testing
 
16:27:07 **** Incremental Build of configuration Debug for project testing ****
make all 
make: Nothing to be done for `all'.
16:27:27 **** Incremental Build of configuration Debug for project testing ****
make all 
Building file: ../src/testing.cpp
Invoking: GCC C++ Compiler
g++ --std=c++1z -O0 -g3 -Wall -c -fmessage-length=0 -MMD -MP -MF"src/testing.d" -MT"src/testing.o" -o "src/testing.o" "../src/testing.cpp"
Finished building: ../src/testing.cpp
 
Building target: testing
Invoking: MacOS X C++ Linker
g++  -o "testing"  ./src/testing.o   
Finished building target: testing
 
16:27:28 **** Incremental Build of configuration Debug for project testing ****
make all 
make: Nothing to be done for `all'.
16:28:01 **** Incremental Build of configuration Debug for project testing ****
make all 
Building file: ../src/testing.cpp
Invoking: GCC C++ Compiler
g++ --std=c++1z -O0 -g3 -Wall -c -fmessage-length=0 -MMD -MP -MF"src/testing.d" -MT"src/testing.o" -o "src/testing.o" "../src/testing.cpp"
Finished building: ../src/testing.cpp
 
Building target: testing
Invoking: MacOS X C++ Linker
g++  -o "testing"  ./src/testing.o   
Finished building target: testing
 
16:28:02 **** Incremental Build of configuration Debug for project testing ****
make all 
make: Nothing to be done for `all'.
16:28:16 **** Incremental Build of configuration Debug for project testing ****
make all 
Building file: ../src/testing.cpp
Invoking: GCC C++ Compiler
g++ --std=c++1z -O0 -g3 -Wall -c -fmessage-length=0 -MMD -MP -MF"src/testing.d" -MT"src/testing.o" -o "src/testing.o" "../src/testing.cpp"
Finished building: ../src/testing.cpp
 
Building target: testing
Invoking: MacOS X C++ Linker
g++  -o "testing"  ./src/testing.o   
Finished building target: testing
 
16:28:17 **** Incremental Build of configuration Debug for project testing ****
make all 
make: Nothing to be done for `all'.
16:34:35 **** Incremental Build of configuration Debug for project testing ****
make all 
Building file: ../src/testing.cpp
Invoking: GCC C++ Compiler
g++ --std=c++1z -O0 -g3 -Wall -c -fmessage-length=0 -MMD -MP -MF"src/testing.d" -MT"src/testing.o" -o "src/testing.o" "../src/testing.cpp"
Finished building: ../src/testing.cpp
 
Building target: testing
Invoking: MacOS X C++ Linker
g++  -o "testing"  ./src/testing.o   
Finished building target: testing
 
16:34:37 **** Incremental Build of configuration Debug for project testing ****
make all 
make: Nothing to be done for `all'.
10:50:39 **** Clean-only build of configuration Debug for project testing ****
make clean 
rm -rf ./src/testing.d ./src/testing.o
rm -rf testing
 
10:50:39 **** Incremental Build of configuration Debug for project testing ****
make all 
Building file: ../src/testing.cpp
Invoking: GCC C++ Compiler
g++ --std=c++1z -O0 -g3 -Wall -c -fmessage-length=0 -MMD -MP -MF"src/testing.d" -MT"src/testing.o" -o "src/testing.o" "../src/testing.cpp"
../src/testing.cpp:30:16: warning: 'Derived::method' hides overloaded virtual function [-Woverloaded-virtual]
                virtual void method();
                             ^
../src/testing.cpp:19:16: note: hidden overloaded virtual function 'Base::method' declared here: different qualifiers ('const' vs unqualified)
                virtual void method() const;
                             ^
1 warning generated.
Finished building: ../src/testing.cpp
 
Building target: testing
Invoking: MacOS X C++ Linker
g++  -o "testing"  ./src/testing.o   
Undefined symbols for architecture arm64:
  "Base::~Base()", referenced from:
      Derived::~Derived() in testing.o
  "vtable for Base", referenced from:
      Base::Base() in testing.o
  NOTE: a missing vtable usually means the first non-inline virtual member function has no definition.
  "vtable for Derived", referenced from:
      Derived::Derived() in testing.o
  NOTE: a missing vtable usually means the first non-inline virtual member function has no definition.
ld: symbol(s) not found for architecture arm64
clang: error: linker command failed with exit code 1 (use -v to see invocation)
make: *** [testing] Error 1
"make all" terminated with exit code 2. Build might be incomplete.
10:50:56 **** Incremental Build of configuration Debug for project testing ****
make all 
Building file: ../src/testing.cpp
Invoking: GCC C++ Compiler
g++ --std=c++1z -O0 -g3 -Wall -c -fmessage-length=0 -MMD -MP -MF"src/testing.d" -MT"src/testing.o" -o "src/testing.o" "../src/testing.cpp"
../src/testing.cpp:30:16: warning: 'Derived::method' hides overloaded virtual function [-Woverloaded-virtual]
                virtual void method();
                             ^
../src/testing.cpp:19:16: note: hidden overloaded virtual function 'Base::method' declared here: different qualifiers ('const' vs unqualified)
                virtual void method() const;
                             ^
1 warning generated.
Finished building: ../src/testing.cpp
 
Building target: testing
Invoking: MacOS X C++ Linker
g++  -o "testing"  ./src/testing.o   
Undefined symbols for architecture arm64:
  "Derived::~Derived()", referenced from:
      _main in testing.o
  "vtable for Base", referenced from:
      Base::Base() in testing.o
  NOTE: a missing vtable usually means the first non-inline virtual member function has no definition.
  "vtable for Derived", referenced from:
      Derived::Derived() in testing.o
  NOTE: a missing vtable usually means the first non-inline virtual member function has no definition.
ld: symbol(s) not found for architecture arm64
clang: error: linker command failed with exit code 1 (use -v to see invocation)
make: *** [testing] Error 1
"make all" terminated with exit code 2. Build might be incomplete.
10:51:44 **** Incremental Build of configuration Debug for project testing ****
make all 
Building file: ../src/testing.cpp
Invoking: GCC C++ Compiler
g++ --std=c++1z -O0 -g3 -Wall -c -fmessage-length=0 -MMD -MP -MF"src/testing.d" -MT"src/testing.o" -o "src/testing.o" "../src/testing.cpp"
../src/testing.cpp:34:16: warning: 'Derived::method' hides overloaded virtual function [-Woverloaded-virtual]
                virtual void method();
                             ^
../src/testing.cpp:19:16: note: hidden overloaded virtual function 'Base::method' declared here: different qualifiers ('const' vs unqualified)
                virtual void method() const;
                             ^
1 warning generated.
Finished building: ../src/testing.cpp
 
Building target: testing
Invoking: MacOS X C++ Linker
g++  -o "testing"  ./src/testing.o   
Undefined symbols for architecture arm64:
  "Base::~Base()", referenced from:
      vtable for Base in testing.o
  "Base::~Base()", referenced from:
      vtable for Base in testing.o
  "Derived::~Derived()", referenced from:
      _main in testing.o
  "vtable for Derived", referenced from:
      Derived::Derived() in testing.o
  NOTE: a missing vtable usually means the first non-inline virtual member function has no definition.
ld: symbol(s) not found for architecture arm64
clang: error: linker command failed with exit code 1 (use -v to see invocation)
make: *** [testing] Error 1
"make all" terminated with exit code 2. Build might be incomplete.
10:52:10 **** Incremental Build of configuration Debug for project testing ****
make all 
Building file: ../src/testing.cpp
Invoking: GCC C++ Compiler
g++ --std=c++1z -O0 -g3 -Wall -c -fmessage-length=0 -MMD -MP -MF"src/testing.d" -MT"src/testing.o" -o "src/testing.o" "../src/testing.cpp"
../src/testing.cpp:34:16: warning: 'Derived::method' hides overloaded virtual function [-Woverloaded-virtual]
                virtual void method();
                             ^
../src/testing.cpp:19:16: note: hidden overloaded virtual function 'Base::method' declared here: different qualifiers ('const' vs unqualified)
                virtual void method() const;
                             ^
1 warning generated.
Finished building: ../src/testing.cpp
 
Building target: testing
Invoking: MacOS X C++ Linker
g++  -o "testing"  ./src/testing.o   
Undefined symbols for architecture arm64:
  "Base::~Base()", referenced from:
      vtable for Base in testing.o
  "Base::~Base()", referenced from:
      vtable for Base in testing.o
  "Derived::~Derived()", referenced from:
      vtable for Derived in testing.o
  "Derived::~Derived()", referenced from:
      _main in testing.o
      vtable for Derived in testing.o
ld: symbol(s) not found for architecture arm64
clang: error: linker command failed with exit code 1 (use -v to see invocation)
make: *** [testing] Error 1
"make all" terminated with exit code 2. Build might be incomplete.
10:52:48 **** Incremental Build of configuration Debug for project testing ****
make all 
Building file: ../src/testing.cpp
Invoking: GCC C++ Compiler
g++ --std=c++1z -O0 -g3 -Wall -c -fmessage-length=0 -MMD -MP -MF"src/testing.d" -MT"src/testing.o" -o "src/testing.o" "../src/testing.cpp"
Finished building: ../src/testing.cpp
 
Building target: testing
Invoking: MacOS X C++ Linker
g++  -o "testing"  ./src/testing.o   
Undefined symbols for architecture arm64:
  "Base::~Base()", referenced from:
      vtable for Base in testing.o
  "Base::~Base()", referenced from:
      vtable for Base in testing.o
  "Derived::~Derived()", referenced from:
      _main in testing.o
  "vtable for Derived", referenced from:
      Derived::Derived() in testing.o
  NOTE: a missing vtable usually means the first non-inline virtual member function has no definition.
ld: symbol(s) not found for architecture arm64
clang: error: linker command failed with exit code 1 (use -v to see invocation)
make: *** [testing] Error 1
"make all" terminated with exit code 2. Build might be incomplete.
10:52:57 **** Incremental Build of configuration Debug for project testing ****
make all 
Building file: ../src/testing.cpp
Invoking: GCC C++ Compiler
g++ --std=c++1z -O0 -g3 -Wall -c -fmessage-length=0 -MMD -MP -MF"src/testing.d" -MT"src/testing.o" -o "src/testing.o" "../src/testing.cpp"
../src/testing.cpp:31:10: warning: private field 'p_x' is not used [-Wunused-private-field]
                double p_x = 0.0;
                       ^
../src/testing.cpp:32:10: warning: private field 'p_y' is not used [-Wunused-private-field]
                double p_y = 0.0;
                       ^
2 warnings generated.
Finished building: ../src/testing.cpp
 
Building target: testing
Invoking: MacOS X C++ Linker
g++  -o "testing"  ./src/testing.o   
Undefined symbols for architecture arm64:
  "Base::~Base()", referenced from:
      vtable for Base in testing.o
  "Base::~Base()", referenced from:
      vtable for Base in testing.o
  "Base::~Base()", referenced from:
      Derived::~Derived() in testing.o
ld: symbol(s) not found for architecture arm64
clang: error: linker command failed with exit code 1 (use -v to see invocation)
make: *** [testing] Error 1
"make all" terminated with exit code 2. Build might be incomplete.
10:53:20 **** Incremental Build of configuration Debug for project testing ****
make all 
Building file: ../src/testing.cpp
Invoking: GCC C++ Compiler
g++ --std=c++1z -O0 -g3 -Wall -c -fmessage-length=0 -MMD -MP -MF"src/testing.d" -MT"src/testing.o" -o "src/testing.o" "../src/testing.cpp"
../src/testing.cpp:16:10: warning: private field 'p_x' is not used [-Wunused-private-field]
                double p_x = 0.0;
                       ^
../src/testing.cpp:17:10: warning: private field 'p_y' is not used [-Wunused-private-field]
                double p_y = 0.0;
                       ^
../src/testing.cpp:31:10: warning: private field 'p_x' is not used [-Wunused-private-field]
                double p_x = 0.0;
                       ^
../src/testing.cpp:32:10: warning: private field 'p_y' is not used [-Wunused-private-field]
                double p_y = 0.0;
                       ^
4 warnings generated.
Finished building: ../src/testing.cpp
 
Building target: testing
Invoking: MacOS X C++ Linker
g++  -o "testing"  ./src/testing.o   
Finished building target: testing
 
10:53:27 **** Incremental Build of configuration Debug for project testing ****
make all 
make: Nothing to be done for `all'.
10:54:17 **** Incremental Build of configuration Debug for project testing ****
make all 
Building file: ../src/testing.cpp
Invoking: GCC C++ Compiler
g++ --std=c++1z -O0 -g3 -Wall -c -fmessage-length=0 -MMD -MP -MF"src/testing.d" -MT"src/testing.o" -o "src/testing.o" "../src/testing.cpp"
../src/testing.cpp:34:8: warning: 'Derived::method' hides overloaded virtual function [-Woverloaded-virtual]
                void method();
                     ^
../src/testing.cpp:19:16: note: hidden overloaded virtual function 'Base::method' declared here: different qualifiers ('const' vs unqualified)
                virtual void method() const;
                             ^
../src/testing.cpp:16:10: warning: private field 'p_x' is not used [-Wunused-private-field]
                double p_x = 0.0;
                       ^
../src/testing.cpp:17:10: warning: private field 'p_y' is not used [-Wunused-private-field]
                double p_y = 0.0;
                       ^
../src/testing.cpp:31:10: warning: private field 'p_x' is not used [-Wunused-private-field]
                double p_x = 0.0;
                       ^
../src/testing.cpp:32:10: warning: private field 'p_y' is not used [-Wunused-private-field]
                double p_y = 0.0;
                       ^
5 warnings generated.
Finished building: ../src/testing.cpp
 
Building target: testing
Invoking: MacOS X C++ Linker
g++  -o "testing"  ./src/testing.o   
Finished building target: testing
 
10:54:19 **** Incremental Build of configuration Debug for project testing ****
make all 
make: Nothing to be done for `all'.
10:54:34 **** Incremental Build of configuration Debug for project testing ****
make all 
Building file: ../src/testing.cpp
Invoking: GCC C++ Compiler
g++ --std=c++1z -O0 -g3 -Wall -c -fmessage-length=0 -MMD -MP -MF"src/testing.d" -MT"src/testing.o" -o "src/testing.o" "../src/testing.cpp"
../src/testing.cpp:34:16: warning: 'Derived::method' hides overloaded virtual function [-Woverloaded-virtual]
                virtual void method();
                             ^
../src/testing.cpp:19:16: note: hidden overloaded virtual function 'Base::method' declared here: different qualifiers ('const' vs unqualified)
                virtual void method() const;
                             ^
../src/testing.cpp:16:10: warning: private field 'p_x' is not used [-Wunused-private-field]
                double p_x = 0.0;
                       ^
../src/testing.cpp:17:10: warning: private field 'p_y' is not used [-Wunused-private-field]
                double p_y = 0.0;
                       ^
../src/testing.cpp:31:10: warning: private field 'p_x' is not used [-Wunused-private-field]
                double p_x = 0.0;
                       ^
../src/testing.cpp:32:10: warning: private field 'p_y' is not used [-Wunused-private-field]
                double p_y = 0.0;
                       ^
5 warnings generated.
Finished building: ../src/testing.cpp
 
Building target: testing
Invoking: MacOS X C++ Linker
g++  -o "testing"  ./src/testing.o   
Finished building target: testing
 
10:54:35 **** Incremental Build of configuration Debug for project testing ****
make all 
make: Nothing to be done for `all'.
10:54:46 **** Incremental Build of configuration Debug for project testing ****
make all 
Building file: ../src/testing.cpp
Invoking: GCC C++ Compiler
g++ --std=c++1z -O0 -g3 -Wall -c -fmessage-length=0 -MMD -MP -MF"src/testing.d" -MT"src/testing.o" -o "src/testing.o" "../src/testing.cpp"
../src/testing.cpp:35:11: error: '~Derived' cannot be the name of a variable or data member
                virtual ~Derived = default;
                        ^
../src/testing.cpp:34:16: warning: 'Derived::method' hides overloaded virtual function [-Woverloaded-virtual]
                virtual void method();
                             ^
../src/testing.cpp:19:16: note: hidden overloaded virtual function 'Base::method' declared here: different qualifiers ('const' vs unqualified)
                virtual void method() const;
                             ^
../src/testing.cpp:16:10: warning: private field 'p_x' is not used [-Wunused-private-field]
                double p_x = 0.0;
                       ^
../src/testing.cpp:17:10: warning: private field 'p_y' is not used [-Wunused-private-field]
                double p_y = 0.0;
                       ^
../src/testing.cpp:31:10: warning: private field 'p_x' is not used [-Wunused-private-field]
                double p_x = 0.0;
                       ^
../src/testing.cpp:32:10: warning: private field 'p_y' is not used [-Wunused-private-field]
                double p_y = 0.0;
                       ^
5 warnings and 1 error generated.
make: *** [src/testing.o] Error 1
"make all" terminated with exit code 2. Build might be incomplete.
10:54:57 **** Incremental Build of configuration Debug for project testing ****
make all 
Building file: ../src/testing.cpp
Invoking: GCC C++ Compiler
g++ --std=c++1z -O0 -g3 -Wall -c -fmessage-length=0 -MMD -MP -MF"src/testing.d" -MT"src/testing.o" -o "src/testing.o" "../src/testing.cpp"
../src/testing.cpp:34:16: warning: 'Derived::method' hides overloaded virtual function [-Woverloaded-virtual]
                virtual void method();
                             ^
../src/testing.cpp:19:16: note: hidden overloaded virtual function 'Base::method' declared here: different qualifiers ('const' vs unqualified)
                virtual void method() const;
                             ^
../src/testing.cpp:16:10: warning: private field 'p_x' is not used [-Wunused-private-field]
                double p_x = 0.0;
                       ^
../src/testing.cpp:17:10: warning: private field 'p_y' is not used [-Wunused-private-field]
                double p_y = 0.0;
                       ^
../src/testing.cpp:31:10: warning: private field 'p_x' is not used [-Wunused-private-field]
                double p_x = 0.0;
                       ^
../src/testing.cpp:32:10: warning: private field 'p_y' is not used [-Wunused-private-field]
                double p_y = 0.0;
                       ^
5 warnings generated.
Finished building: ../src/testing.cpp
 
Building target: testing
Invoking: MacOS X C++ Linker
g++  -o "testing"  ./src/testing.o   
Finished building target: testing
 
10:54:58 **** Incremental Build of configuration Debug for project testing ****
make all 
make: Nothing to be done for `all'.
10:55:19 **** Incremental Build of configuration Debug for project testing ****
make all 
Building file: ../src/testing.cpp
Invoking: GCC C++ Compiler
g++ --std=c++1z -O0 -g3 -Wall -c -fmessage-length=0 -MMD -MP -MF"src/testing.d" -MT"src/testing.o" -o "src/testing.o" "../src/testing.cpp"
../src/testing.cpp:16:10: warning: private field 'p_x' is not used [-Wunused-private-field]
                double p_x = 0.0;
                       ^
../src/testing.cpp:17:10: warning: private field 'p_y' is not used [-Wunused-private-field]
                double p_y = 0.0;
                       ^
../src/testing.cpp:31:10: warning: private field 'p_x' is not used [-Wunused-private-field]
                double p_x = 0.0;
                       ^
../src/testing.cpp:32:10: warning: private field 'p_y' is not used [-Wunused-private-field]
                double p_y = 0.0;
                       ^
4 warnings generated.
Finished building: ../src/testing.cpp
 
Building target: testing
Invoking: MacOS X C++ Linker
g++  -o "testing"  ./src/testing.o   
Finished building target: testing
 
10:55:20 **** Incremental Build of configuration Debug for project testing ****
make all 
make: Nothing to be done for `all'.
10:55:38 **** Incremental Build of configuration Debug for project testing ****
make all 
Building file: ../src/testing.cpp
Invoking: GCC C++ Compiler
g++ --std=c++1z -O0 -g3 -Wall -c -fmessage-length=0 -MMD -MP -MF"src/testing.d" -MT"src/testing.o" -o "src/testing.o" "../src/testing.cpp"
../src/testing.cpp:16:10: warning: private field 'p_x' is not used [-Wunused-private-field]
                double p_x = 0.0;
                       ^
../src/testing.cpp:17:10: warning: private field 'p_y' is not used [-Wunused-private-field]
                double p_y = 0.0;
                       ^
../src/testing.cpp:31:10: warning: private field 'p_x' is not used [-Wunused-private-field]
                double p_x = 0.0;
                       ^
../src/testing.cpp:32:10: warning: private field 'p_y' is not used [-Wunused-private-field]
                double p_y = 0.0;
                       ^
4 warnings generated.
Finished building: ../src/testing.cpp
 
Building target: testing
Invoking: MacOS X C++ Linker
g++  -o "testing"  ./src/testing.o   
Finished building target: testing
 
10:55:39 **** Incremental Build of configuration Debug for project testing ****
make all 
make: Nothing to be done for `all'.
10:55:45 **** Incremental Build of configuration Debug for project testing ****
make all 
Building file: ../src/testing.cpp
Invoking: GCC C++ Compiler
g++ --std=c++1z -O0 -g3 -Wall -c -fmessage-length=0 -MMD -MP -MF"src/testing.d" -MT"src/testing.o" -o "src/testing.o" "../src/testing.cpp"
../src/testing.cpp:16:10: warning: private field 'p_x' is not used [-Wunused-private-field]
                double p_x = 0.0;
                       ^
../src/testing.cpp:17:10: warning: private field 'p_y' is not used [-Wunused-private-field]
                double p_y = 0.0;
                       ^
../src/testing.cpp:31:10: warning: private field 'p_x' is not used [-Wunused-private-field]
                double p_x = 0.0;
                       ^
../src/testing.cpp:32:10: warning: private field 'p_y' is not used [-Wunused-private-field]
                double p_y = 0.0;
                       ^
4 warnings generated.
Finished building: ../src/testing.cpp
 
Building target: testing
Invoking: MacOS X C++ Linker
g++  -o "testing"  ./src/testing.o   
Finished building target: testing
 
10:55:46 **** Incremental Build of configuration Debug for project testing ****
make all 
make: Nothing to be done for `all'.
10:55:55 **** Incremental Build of configuration Debug for project testing ****
make all 
Building file: ../src/testing.cpp
Invoking: GCC C++ Compiler
g++ --std=c++1z -O0 -g3 -Wall -c -fmessage-length=0 -MMD -MP -MF"src/testing.d" -MT"src/testing.o" -o "src/testing.o" "../src/testing.cpp"
../src/testing.cpp:16:10: warning: private field 'p_x' is not used [-Wunused-private-field]
                double p_x = 0.0;
                       ^
../src/testing.cpp:17:10: warning: private field 'p_y' is not used [-Wunused-private-field]
                double p_y = 0.0;
                       ^
../src/testing.cpp:31:10: warning: private field 'p_x' is not used [-Wunused-private-field]
                double p_x = 0.0;
                       ^
../src/testing.cpp:32:10: warning: private field 'p_y' is not used [-Wunused-private-field]
                double p_y = 0.0;
                       ^
4 warnings generated.
Finished building: ../src/testing.cpp
 
Building target: testing
Invoking: MacOS X C++ Linker
g++  -o "testing"  ./src/testing.o   
Finished building target: testing
 
10:55:56 **** Incremental Build of configuration Debug for project testing ****
make all 
make: Nothing to be done for `all'.
10:57:15 **** Incremental Build of configuration Debug for project testing ****
make all 
Building file: ../src/testing.cpp
Invoking: GCC C++ Compiler
g++ --std=c++1z -O0 -g3 -Wall -c -fmessage-length=0 -MMD -MP -MF"src/testing.d" -MT"src/testing.o" -o "src/testing.o" "../src/testing.cpp"
../src/testing.cpp:42:8: warning: 'Derived::method_zwei' hides overloaded virtual function [-Woverloaded-virtual]
                void method_zwei();
                     ^
../src/testing.cpp:20:16: note: hidden overloaded virtual function 'Base::method_zwei' declared here: different qualifiers ('const' vs unqualified)
                virtual void method_zwei() const;
                             ^
../src/testing.cpp:16:10: warning: private field 'p_x' is not used [-Wunused-private-field]
                double p_x = 0.0;
                       ^
../src/testing.cpp:17:10: warning: private field 'p_y' is not used [-Wunused-private-field]
                double p_y = 0.0;
                       ^
../src/testing.cpp:38:10: warning: private field 'p_x' is not used [-Wunused-private-field]
                double p_x = 0.0;
                       ^
../src/testing.cpp:39:10: warning: private field 'p_y' is not used [-Wunused-private-field]
                double p_y = 0.0;
                       ^
5 warnings generated.
Finished building: ../src/testing.cpp
 
Building target: testing
Invoking: MacOS X C++ Linker
g++  -o "testing"  ./src/testing.o   
Finished building target: testing
 
10:57:15 **** Incremental Build of configuration Debug for project testing ****
make all 
make: Nothing to be done for `all'.
10:57:26 **** Incremental Build of configuration Debug for project testing ****
make all 
Building file: ../src/testing.cpp
Invoking: GCC C++ Compiler
g++ --std=c++1z -O0 -g3 -Wall -c -fmessage-length=0 -MMD -MP -MF"src/testing.d" -MT"src/testing.o" -o "src/testing.o" "../src/testing.cpp"
../src/testing.cpp:42:8: warning: 'Derived::method_zwei' hides overloaded virtual function [-Woverloaded-virtual]
                void method_zwei();
                     ^
../src/testing.cpp:20:16: note: hidden overloaded virtual function 'Base::method_zwei' declared here: different qualifiers ('const' vs unqualified)
                virtual void method_zwei() const;
                             ^
../src/testing.cpp:16:10: warning: private field 'p_x' is not used [-Wunused-private-field]
                double p_x = 0.0;
                       ^
../src/testing.cpp:17:10: warning: private field 'p_y' is not used [-Wunused-private-field]
                double p_y = 0.0;
                       ^
../src/testing.cpp:38:10: warning: private field 'p_x' is not used [-Wunused-private-field]
                double p_x = 0.0;
                       ^
../src/testing.cpp:39:10: warning: private field 'p_y' is not used [-Wunused-private-field]
                double p_y = 0.0;
                       ^
5 warnings generated.
Finished building: ../src/testing.cpp
 
Building target: testing
Invoking: MacOS X C++ Linker
g++  -o "testing"  ./src/testing.o   
Finished building target: testing
 
10:57:26 **** Incremental Build of configuration Debug for project testing ****
make all 
make: Nothing to be done for `all'.
10:57:41 **** Incremental Build of configuration Debug for project testing ****
make all 
Building file: ../src/testing.cpp
Invoking: GCC C++ Compiler
g++ --std=c++1z -O0 -g3 -Wall -c -fmessage-length=0 -MMD -MP -MF"src/testing.d" -MT"src/testing.o" -o "src/testing.o" "../src/testing.cpp"
../src/testing.cpp:42:8: warning: 'Derived::method_zwei' hides overloaded virtual function [-Woverloaded-virtual]
                void method_zwei();
                     ^
../src/testing.cpp:20:16: note: hidden overloaded virtual function 'Base::method_zwei' declared here: different qualifiers ('const' vs unqualified)
                virtual void method_zwei() const;
                             ^
../src/testing.cpp:16:10: warning: private field 'p_x' is not used [-Wunused-private-field]
                double p_x = 0.0;
                       ^
../src/testing.cpp:17:10: warning: private field 'p_y' is not used [-Wunused-private-field]
                double p_y = 0.0;
                       ^
../src/testing.cpp:38:10: warning: private field 'p_x' is not used [-Wunused-private-field]
                double p_x = 0.0;
                       ^
../src/testing.cpp:39:10: warning: private field 'p_y' is not used [-Wunused-private-field]
                double p_y = 0.0;
                       ^
5 warnings generated.
Finished building: ../src/testing.cpp
 
Building target: testing
Invoking: MacOS X C++ Linker
g++  -o "testing"  ./src/testing.o   
Finished building target: testing
 
10:57:42 **** Incremental Build of configuration Debug for project testing ****
make all 
make: Nothing to be done for `all'.
10:58:54 **** Incremental Build of configuration Debug for project testing ****
make all 
Building file: ../src/testing.cpp
Invoking: GCC C++ Compiler
g++ --std=c++1z -O0 -g3 -Wall -c -fmessage-length=0 -MMD -MP -MF"src/testing.d" -MT"src/testing.o" -o "src/testing.o" "../src/testing.cpp"
../src/testing.cpp:48:8: warning: 'Derived::method_zwei' hides overloaded virtual function [-Woverloaded-virtual]
                void method_zwei();
                     ^
../src/testing.cpp:20:16: note: hidden overloaded virtual function 'Base::method_zwei' declared here: different qualifiers ('const' vs unqualified)
                virtual void method_zwei() const;
                             ^
../src/testing.cpp:16:10: warning: private field 'p_x' is not used [-Wunused-private-field]
                double p_x = 0.0;
                       ^
../src/testing.cpp:17:10: warning: private field 'p_y' is not used [-Wunused-private-field]
                double p_y = 0.0;
                       ^
../src/testing.cpp:44:10: warning: private field 'p_x' is not used [-Wunused-private-field]
                double p_x = 0.0;
                       ^
../src/testing.cpp:45:10: warning: private field 'p_y' is not used [-Wunused-private-field]
                double p_y = 0.0;
                       ^
5 warnings generated.
Finished building: ../src/testing.cpp
 
Building target: testing
Invoking: MacOS X C++ Linker
g++  -o "testing"  ./src/testing.o   
Finished building target: testing
 
10:58:55 **** Incremental Build of configuration Debug for project testing ****
make all 
make: Nothing to be done for `all'.
10:59:03 **** Incremental Build of configuration Debug for project testing ****
make all 
Building file: ../src/testing.cpp
Invoking: GCC C++ Compiler
g++ --std=c++1z -O0 -g3 -Wall -c -fmessage-length=0 -MMD -MP -MF"src/testing.d" -MT"src/testing.o" -o "src/testing.o" "../src/testing.cpp"
../src/testing.cpp:48:8: warning: 'Derived::method_zwei' hides overloaded virtual function [-Woverloaded-virtual]
                void method_zwei();
                     ^
../src/testing.cpp:20:16: note: hidden overloaded virtual function 'Base::method_zwei' declared here: different qualifiers ('const' vs unqualified)
                virtual void method_zwei() const;
                             ^
../src/testing.cpp:16:10: warning: private field 'p_x' is not used [-Wunused-private-field]
                double p_x = 0.0;
                       ^
../src/testing.cpp:17:10: warning: private field 'p_y' is not used [-Wunused-private-field]
                double p_y = 0.0;
                       ^
../src/testing.cpp:44:10: warning: private field 'p_x' is not used [-Wunused-private-field]
                double p_x = 0.0;
                       ^
../src/testing.cpp:45:10: warning: private field 'p_y' is not used [-Wunused-private-field]
                double p_y = 0.0;
                       ^
5 warnings generated.
Finished building: ../src/testing.cpp
 
Building target: testing
Invoking: MacOS X C++ Linker
g++  -o "testing"  ./src/testing.o   
Finished building target: testing
 
10:59:04 **** Incremental Build of configuration Debug for project testing ****
make all 
make: Nothing to be done for `all'.
11:00:55 **** Incremental Build of configuration Debug for project testing ****
make all 
Building file: ../src/testing.cpp
Invoking: GCC C++ Compiler
g++ --std=c++1z -O0 -g3 -Wall -c -fmessage-length=0 -MMD -MP -MF"src/testing.d" -MT"src/testing.o" -o "src/testing.o" "../src/testing.cpp"
../src/testing.cpp:53:8: warning: 'Derived::method_zwei' hides overloaded virtual function [-Woverloaded-virtual]
                void method_zwei();
                     ^
../src/testing.cpp:20:16: note: hidden overloaded virtual function 'Base::method_zwei' declared here: different qualifiers ('const' vs unqualified)
                virtual void method_zwei() const;
                             ^
../src/testing.cpp:16:10: warning: private field 'p_x' is not used [-Wunused-private-field]
                double p_x = 0.0;
                       ^
../src/testing.cpp:17:10: warning: private field 'p_y' is not used [-Wunused-private-field]
                double p_y = 0.0;
                       ^
../src/testing.cpp:49:10: warning: private field 'p_x' is not used [-Wunused-private-field]
                double p_x = 0.0;
                       ^
../src/testing.cpp:50:10: warning: private field 'p_y' is not used [-Wunused-private-field]
                double p_y = 0.0;
                       ^
5 warnings generated.
Finished building: ../src/testing.cpp
 
Building target: testing
Invoking: MacOS X C++ Linker
g++  -o "testing"  ./src/testing.o   
Finished building target: testing
 
11:00:55 **** Incremental Build of configuration Debug for project testing ****
make all 
make: Nothing to be done for `all'.
11:29:48 **** Incremental Build of configuration Debug for project testing ****
make all 
Building file: ../src/testing.cpp
Invoking: GCC C++ Compiler
g++ --std=c++1z -O0 -g3 -Wall -c -fmessage-length=0 -MMD -MP -MF"src/testing.d" -MT"src/testing.o" -o "src/testing.o" "../src/testing.cpp"
Finished building: ../src/testing.cpp
 
Building target: testing
Invoking: MacOS X C++ Linker
g++  -o "testing"  ./src/testing.o   
Finished building target: testing
 
11:29:49 **** Incremental Build of configuration Debug for project testing ****
make all 
make: Nothing to be done for `all'.
12:44:36 **** Incremental Build of configuration Debug for project testing ****
make all 
Building file: ../src/testing.cpp
Invoking: GCC C++ Compiler
g++ --std=c++1z -O0 -g3 -Wall -c -fmessage-length=0 -MMD -MP -MF"src/testing.d" -MT"src/testing.o" -o "src/testing.o" "../src/testing.cpp"
../src/testing.cpp:38:33: error: non-virtual member function marked 'override' hides virtual member function
                void vPrintProperties() const override;
                                              ^
../src/testing.cpp:24:16: note: hidden overloaded virtual function 'Train::vPrintProperties' declared here: different number of parameters (1 vs 0)
                virtual void vPrintProperties(std::ostream& ausgabe) const;
                             ^
1 error generated.
make: *** [src/testing.o] Error 1
"make all" terminated with exit code 2. Build might be incomplete.
12:45:27 **** Incremental Build of configuration Debug for project testing ****
make all 
Building file: ../src/testing.cpp
Invoking: GCC C++ Compiler
g++ --std=c++1z -O0 -g3 -Wall -c -fmessage-length=0 -MMD -MP -MF"src/testing.d" -MT"src/testing.o" -o "src/testing.o" "../src/testing.cpp"
Finished building: ../src/testing.cpp
 
Building target: testing
Invoking: MacOS X C++ Linker
g++  -o "testing"  ./src/testing.o   
Undefined symbols for architecture arm64:
  "vtable for FreightTrain", referenced from:
      FreightTrain::FreightTrain() in testing.o
      FreightTrain::~FreightTrain() in testing.o
  NOTE: a missing vtable usually means the first non-inline virtual member function has no definition.
  "vtable for PassengerTrain", referenced from:
      PassengerTrain::PassengerTrain() in testing.o
  NOTE: a missing vtable usually means the first non-inline virtual member function has no definition.
  "vtable for Train", referenced from:
      Train::Train() in testing.o
  NOTE: a missing vtable usually means the first non-inline virtual member function has no definition.
ld: symbol(s) not found for architecture arm64
clang: error: linker command failed with exit code 1 (use -v to see invocation)
make: *** [testing] Error 1
"make all" terminated with exit code 2. Build might be incomplete.
12:45:37 **** Incremental Build of configuration Debug for project testing ****
make all 
Building file: ../src/testing.cpp
Invoking: GCC C++ Compiler
g++ --std=c++1z -O0 -g3 -Wall -c -fmessage-length=0 -MMD -MP -MF"src/testing.d" -MT"src/testing.o" -o "src/testing.o" "../src/testing.cpp"
Finished building: ../src/testing.cpp
 
Building target: testing
Invoking: MacOS X C++ Linker
g++  -o "testing"  ./src/testing.o   
Undefined symbols for architecture arm64:
  "vtable for FreightTrain", referenced from:
      FreightTrain::FreightTrain() in testing.o
      FreightTrain::~FreightTrain() in testing.o
  NOTE: a missing vtable usually means the first non-inline virtual member function has no definition.
  "vtable for PassengerTrain", referenced from:
      PassengerTrain::PassengerTrain() in testing.o
  NOTE: a missing vtable usually means the first non-inline virtual member function has no definition.
  "vtable for Train", referenced from:
      Train::Train() in testing.o
  NOTE: a missing vtable usually means the first non-inline virtual member function has no definition.
ld: symbol(s) not found for architecture arm64
clang: error: linker command failed with exit code 1 (use -v to see invocation)
make: *** [testing] Error 1
"make all" terminated with exit code 2. Build might be incomplete.
12:45:43 **** Incremental Build of configuration Debug for project testing ****
make all 
Building file: ../src/testing.cpp
Invoking: GCC C++ Compiler
g++ --std=c++1z -O0 -g3 -Wall -c -fmessage-length=0 -MMD -MP -MF"src/testing.d" -MT"src/testing.o" -o "src/testing.o" "../src/testing.cpp"
Finished building: ../src/testing.cpp
 
Building target: testing
Invoking: MacOS X C++ Linker
g++  -o "testing"  ./src/testing.o   
Undefined symbols for architecture arm64:
  "vtable for FreightTrain", referenced from:
      FreightTrain::FreightTrain() in testing.o
      FreightTrain::~FreightTrain() in testing.o
  NOTE: a missing vtable usually means the first non-inline virtual member function has no definition.
  "vtable for PassengerTrain", referenced from:
      PassengerTrain::PassengerTrain() in testing.o
  NOTE: a missing vtable usually means the first non-inline virtual member function has no definition.
  "vtable for Train", referenced from:
      Train::Train() in testing.o
  NOTE: a missing vtable usually means the first non-inline virtual member function has no definition.
ld: symbol(s) not found for architecture arm64
clang: error: linker command failed with exit code 1 (use -v to see invocation)
make: *** [testing] Error 1
"make all" terminated with exit code 2. Build might be incomplete.
12:49:29 **** Incremental Build of configuration Debug for project testing ****
make all 
Building file: ../src/testing.cpp
Invoking: GCC C++ Compiler
g++ --std=c++1z -O0 -g3 -Wall -c -fmessage-length=0 -MMD -MP -MF"src/testing.d" -MT"src/testing.o" -o "src/testing.o" "../src/testing.cpp"
../src/testing.cpp:38:54: error: only virtual member functions can be marked 'override'
                void vPrintProperties(std::ostream& ausgabe) const override;
                                                                   ^~~~~~~~
../src/testing.cpp:52:54: error: only virtual member functions can be marked 'override'
                void vPrintProperties(std::ostream& ausgabe) const override;
                                                                   ^~~~~~~~
2 errors generated.
make: *** [src/testing.o] Error 1
"make all" terminated with exit code 2. Build might be incomplete.
12:50:15 **** Incremental Build of configuration Debug for project testing ****
make all 
Building file: ../src/testing.cpp
Invoking: GCC C++ Compiler
g++ --std=c++1z -O0 -g3 -Wall -c -fmessage-length=0 -MMD -MP -MF"src/testing.d" -MT"src/testing.o" -o "src/testing.o" "../src/testing.cpp"
../src/testing.cpp:52:48: error: non-virtual member function marked 'override' hides virtual member function
                void vPrintProperties(std::ostream& ausgabe) override;
                                                             ^
../src/testing.cpp:24:16: note: hidden overloaded virtual function 'Train::vPrintProperties' declared here: different qualifiers ('const' vs unqualified)
                virtual void vPrintProperties(std::ostream& ausgabe) const;
                             ^
1 error generated.
make: *** [src/testing.o] Error 1
"make all" terminated with exit code 2. Build might be incomplete.
12:50:21 **** Incremental Build of configuration Debug for project testing ****
make all 
Building file: ../src/testing.cpp
Invoking: GCC C++ Compiler
g++ --std=c++1z -O0 -g3 -Wall -c -fmessage-length=0 -MMD -MP -MF"src/testing.d" -MT"src/testing.o" -o "src/testing.o" "../src/testing.cpp"
Finished building: ../src/testing.cpp
 
Building target: testing
Invoking: MacOS X C++ Linker
g++  -o "testing"  ./src/testing.o   
Undefined symbols for architecture arm64:
  "vtable for FreightTrain", referenced from:
      FreightTrain::FreightTrain(float, std::__1::basic_string<char, std::__1::char_traits<char>, std::__1::allocator<char>>) in testing.o
      FreightTrain::FreightTrain() in testing.o
      FreightTrain::~FreightTrain() in testing.o
  NOTE: a missing vtable usually means the first non-inline virtual member function has no definition.
  "vtable for PassengerTrain", referenced from:
      PassengerTrain::PassengerTrain() in testing.o
  NOTE: a missing vtable usually means the first non-inline virtual member function has no definition.
  "vtable for Train", referenced from:
      Train::Train() in testing.o
  NOTE: a missing vtable usually means the first non-inline virtual member function has no definition.
ld: symbol(s) not found for architecture arm64
clang: error: linker command failed with exit code 1 (use -v to see invocation)
make: *** [testing] Error 1
"make all" terminated with exit code 2. Build might be incomplete.
12:51:36 **** Incremental Build of configuration Debug for project testing ****
make all 
Building target: testing
Invoking: MacOS X C++ Linker
g++  -o "testing"  ./src/testing.o   
Undefined symbols for architecture arm64:
  "vtable for FreightTrain", referenced from:
      FreightTrain::FreightTrain(float, std::__1::basic_string<char, std::__1::char_traits<char>, std::__1::allocator<char>>) in testing.o
      FreightTrain::FreightTrain() in testing.o
      FreightTrain::~FreightTrain() in testing.o
  NOTE: a missing vtable usually means the first non-inline virtual member function has no definition.
  "vtable for PassengerTrain", referenced from:
      PassengerTrain::PassengerTrain() in testing.o
  NOTE: a missing vtable usually means the first non-inline virtual member function has no definition.
  "vtable for Train", referenced from:
      Train::Train() in testing.o
  NOTE: a missing vtable usually means the first non-inline virtual member function has no definition.
ld: symbol(s) not found for architecture arm64
clang: error: linker command failed with exit code 1 (use -v to see invocation)
make: *** [testing] Error 1
"make all" terminated with exit code 2. Build might be incomplete.
12:51:37 **** Incremental Build of configuration Debug for project testing ****
make all 
Building target: testing
Invoking: MacOS X C++ Linker
g++  -o "testing"  ./src/testing.o   
Undefined symbols for architecture arm64:
  "vtable for FreightTrain", referenced from:
      FreightTrain::FreightTrain(float, std::__1::basic_string<char, std::__1::char_traits<char>, std::__1::allocator<char>>) in testing.o
      FreightTrain::FreightTrain() in testing.o
      FreightTrain::~FreightTrain() in testing.o
  NOTE: a missing vtable usually means the first non-inline virtual member function has no definition.
  "vtable for PassengerTrain", referenced from:
      PassengerTrain::PassengerTrain() in testing.o
  NOTE: a missing vtable usually means the first non-inline virtual member function has no definition.
  "vtable for Train", referenced from:
      Train::Train() in testing.o
  NOTE: a missing vtable usually means the first non-inline virtual member function has no definition.
ld: symbol(s) not found for architecture arm64
clang: error: linker command failed with exit code 1 (use -v to see invocation)
make: *** [testing] Error 1
"make all" terminated with exit code 2. Build might be incomplete.
12:56:28 **** Incremental Build of configuration Debug for project testing ****
make all 
Building file: ../src/testing.cpp
Invoking: GCC C++ Compiler
g++ --std=c++1z -O0 -g3 -Wall -c -fmessage-length=0 -MMD -MP -MF"src/testing.d" -MT"src/testing.o" -o "src/testing.o" "../src/testing.cpp"
Finished building: ../src/testing.cpp
 
Building target: testing
Invoking: MacOS X C++ Linker
g++  -o "testing"  ./src/testing.o   
Undefined symbols for architecture arm64:
  "vtable for FreightTrain", referenced from:
      FreightTrain::FreightTrain(float, std::__1::basic_string<char, std::__1::char_traits<char>, std::__1::allocator<char>>) in testing.o
      FreightTrain::FreightTrain() in testing.o
      FreightTrain::~FreightTrain() in testing.o
  NOTE: a missing vtable usually means the first non-inline virtual member function has no definition.
  "vtable for PassengerTrain", referenced from:
      PassengerTrain::PassengerTrain(int) in testing.o
      PassengerTrain::PassengerTrain() in testing.o
  NOTE: a missing vtable usually means the first non-inline virtual member function has no definition.
  "vtable for Train", referenced from:
      Train::Train() in testing.o
  NOTE: a missing vtable usually means the first non-inline virtual member function has no definition.
ld: symbol(s) not found for architecture arm64
clang: error: linker command failed with exit code 1 (use -v to see invocation)
make: *** [testing] Error 1
"make all" terminated with exit code 2. Build might be incomplete.
12:56:50 **** Incremental Build of configuration Debug for project testing ****
make all 
Building file: ../src/testing.cpp
Invoking: GCC C++ Compiler
g++ --std=c++1z -O0 -g3 -Wall -c -fmessage-length=0 -MMD -MP -MF"src/testing.d" -MT"src/testing.o" -o "src/testing.o" "../src/testing.cpp"
Finished building: ../src/testing.cpp
 
Building target: testing
Invoking: MacOS X C++ Linker
g++  -o "testing"  ./src/testing.o   
Undefined symbols for architecture arm64:
  "vtable for FreightTrain", referenced from:
      FreightTrain::FreightTrain(float, std::__1::basic_string<char, std::__1::char_traits<char>, std::__1::allocator<char>>) in testing.o
      FreightTrain::FreightTrain() in testing.o
      FreightTrain::~FreightTrain() in testing.o
  NOTE: a missing vtable usually means the first non-inline virtual member function has no definition.
  "vtable for PassengerTrain", referenced from:
      PassengerTrain::PassengerTrain(int) in testing.o
      PassengerTrain::PassengerTrain() in testing.o
  NOTE: a missing vtable usually means the first non-inline virtual member function has no definition.
  "vtable for Train", referenced from:
      Train::Train() in testing.o
  NOTE: a missing vtable usually means the first non-inline virtual member function has no definition.
ld: symbol(s) not found for architecture arm64
clang: error: linker command failed with exit code 1 (use -v to see invocation)
make: *** [testing] Error 1
"make all" terminated with exit code 2. Build might be incomplete.
12:56:51 **** Incremental Build of configuration Debug for project testing ****
make all 
Building target: testing
Invoking: MacOS X C++ Linker
g++  -o "testing"  ./src/testing.o   
Undefined symbols for architecture arm64:
  "vtable for FreightTrain", referenced from:
      FreightTrain::FreightTrain(float, std::__1::basic_string<char, std::__1::char_traits<char>, std::__1::allocator<char>>) in testing.o
      FreightTrain::FreightTrain() in testing.o
      FreightTrain::~FreightTrain() in testing.o
  NOTE: a missing vtable usually means the first non-inline virtual member function has no definition.
  "vtable for PassengerTrain", referenced from:
      PassengerTrain::PassengerTrain(int) in testing.o
      PassengerTrain::PassengerTrain() in testing.o
  NOTE: a missing vtable usually means the first non-inline virtual member function has no definition.
  "vtable for Train", referenced from:
      Train::Train() in testing.o
  NOTE: a missing vtable usually means the first non-inline virtual member function has no definition.
ld: symbol(s) not found for architecture arm64
clang: error: linker command failed with exit code 1 (use -v to see invocation)
make: *** [testing] Error 1
"make all" terminated with exit code 2. Build might be incomplete.
12:58:11 **** Incremental Build of configuration Debug for project testing ****
make all 
Building file: ../src/testing.cpp
Invoking: GCC C++ Compiler
g++ --std=c++1z -O0 -g3 -Wall -c -fmessage-length=0 -MMD -MP -MF"src/testing.d" -MT"src/testing.o" -o "src/testing.o" "../src/testing.cpp"
../src/testing.cpp:38:48: error: non-virtual member function marked 'override' hides virtual member function
                void vPrintProperties(std::ostream& ausgabe) override;
                                                             ^
../src/testing.cpp:24:16: note: hidden overloaded virtual function 'Train::vPrintProperties' declared here: different qualifiers ('const' vs unqualified)
                virtual void vPrintProperties(std::ostream& ausgabe) const;
                             ^
../src/testing.cpp:57:48: error: non-virtual member function marked 'override' hides virtual member function
                void vPrintProperties(std::ostream& ausgabe) override;
                                                             ^
../src/testing.cpp:24:16: note: hidden overloaded virtual function 'Train::vPrintProperties' declared here: different qualifiers ('const' vs unqualified)
                virtual void vPrintProperties(std::ostream& ausgabe) const;
                             ^
2 errors generated.
make: *** [src/testing.o] Error 1
"make all" terminated with exit code 2. Build might be incomplete.
12:58:47 **** Incremental Build of configuration Debug for project testing ****
make all 
Building file: ../src/testing.cpp
Invoking: GCC C++ Compiler
g++ --std=c++1z -O0 -g3 -Wall -c -fmessage-length=0 -MMD -MP -MF"src/testing.d" -MT"src/testing.o" -o "src/testing.o" "../src/testing.cpp"
../src/testing.cpp:38:48: error: non-virtual member function marked 'override' hides virtual member function
                void vPrintProperties(std::ostream& ausgabe) override;
                                                             ^
../src/testing.cpp:24:16: note: hidden overloaded virtual function 'Train::vPrintProperties' declared here: different qualifiers ('const' vs unqualified)
                virtual void vPrintProperties(std::ostream& ausgabe) const;
                             ^
../src/testing.cpp:57:16: error: 'vPrintProperties' marked 'override' but does not override any member functions
                virtual void vPrintProperties(std::ostream& ausgabe) override;
                             ^
../src/testing.cpp:57:16: warning: 'FreightTrain::vPrintProperties' hides overloaded virtual function [-Woverloaded-virtual]
../src/testing.cpp:24:16: note: hidden overloaded virtual function 'Train::vPrintProperties' declared here: different qualifiers ('const' vs unqualified)
                virtual void vPrintProperties(std::ostream& ausgabe) const;
                             ^
1 warning and 2 errors generated.
make: *** [src/testing.o] Error 1
"make all" terminated with exit code 2. Build might be incomplete.
12:58:53 **** Incremental Build of configuration Debug for project testing ****
make all 
Building file: ../src/testing.cpp
Invoking: GCC C++ Compiler
g++ --std=c++1z -O0 -g3 -Wall -c -fmessage-length=0 -MMD -MP -MF"src/testing.d" -MT"src/testing.o" -o "src/testing.o" "../src/testing.cpp"
../src/testing.cpp:38:16: error: 'vPrintProperties' marked 'override' but does not override any member functions
                virtual void vPrintProperties(std::ostream& ausgabe) override;
                             ^
../src/testing.cpp:38:16: warning: 'PassengerTrain::vPrintProperties' hides overloaded virtual function [-Woverloaded-virtual]
../src/testing.cpp:24:16: note: hidden overloaded virtual function 'Train::vPrintProperties' declared here: different qualifiers ('const' vs unqualified)
                virtual void vPrintProperties(std::ostream& ausgabe) const;
                             ^
../src/testing.cpp:57:16: error: 'vPrintProperties' marked 'override' but does not override any member functions
                virtual void vPrintProperties(std::ostream& ausgabe) override;
                             ^
../src/testing.cpp:57:16: warning: 'FreightTrain::vPrintProperties' hides overloaded virtual function [-Woverloaded-virtual]
../src/testing.cpp:24:16: note: hidden overloaded virtual function 'Train::vPrintProperties' declared here: different qualifiers ('const' vs unqualified)
                virtual void vPrintProperties(std::ostream& ausgabe) const;
                             ^
2 warnings and 2 errors generated.
make: *** [src/testing.o] Error 1
"make all" terminated with exit code 2. Build might be incomplete.
12:59:32 **** Incremental Build of configuration Debug for project testing ****
make all 
Building file: ../src/testing.cpp
Invoking: GCC C++ Compiler
g++ --std=c++1z -O0 -g3 -Wall -c -fmessage-length=0 -MMD -MP -MF"src/testing.d" -MT"src/testing.o" -o "src/testing.o" "../src/testing.cpp"
../src/testing.cpp:38:16: error: 'vPrintProperties' marked 'override' but does not override any member functions
                virtual void vPrintProperties(std::ostream& ausgabe) override;
                             ^
../src/testing.cpp:38:16: warning: 'PassengerTrain::vPrintProperties' hides overloaded virtual function [-Woverloaded-virtual]
../src/testing.cpp:24:16: note: hidden overloaded virtual function 'Train::vPrintProperties' declared here: different qualifiers ('const' vs unqualified)
                virtual void vPrintProperties(std::ostream& ausgabe) const;
                             ^
../src/testing.cpp:57:16: error: 'vPrintProperties' marked 'override' but does not override any member functions
                virtual void vPrintProperties(std::ostream& ausgabe) override;
                             ^
../src/testing.cpp:57:16: warning: 'FreightTrain::vPrintProperties' hides overloaded virtual function [-Woverloaded-virtual]
../src/testing.cpp:24:16: note: hidden overloaded virtual function 'Train::vPrintProperties' declared here: different qualifiers ('const' vs unqualified)
                virtual void vPrintProperties(std::ostream& ausgabe) const;
                             ^
2 warnings and 2 errors generated.
make: *** [src/testing.o] Error 1
"make all" terminated with exit code 2. Build might be incomplete.
13:03:11 **** Incremental Build of configuration Debug for project testing ****
make all 
Building file: ../src/testing.cpp
Invoking: GCC C++ Compiler
g++ --std=c++1z -O0 -g3 -Wall -c -fmessage-length=0 -MMD -MP -MF"src/testing.d" -MT"src/testing.o" -o "src/testing.o" "../src/testing.cpp"
Finished building: ../src/testing.cpp
 
Building target: testing
Invoking: MacOS X C++ Linker
g++  -o "testing"  ./src/testing.o   
Finished building target: testing
 
13:14:48 **** Incremental Build of configuration Debug for project testing ****
make all 
Building file: ../src/testing.cpp
Invoking: GCC C++ Compiler
g++ --std=c++1z -O0 -g3 -Wall -c -fmessage-length=0 -MMD -MP -MF"src/testing.d" -MT"src/testing.o" -o "src/testing.o" "../src/testing.cpp"
Finished building: ../src/testing.cpp
 
Building target: testing
Invoking: MacOS X C++ Linker
g++  -o "testing"  ./src/testing.o   
Finished building target: testing
 
13:17:30 **** Incremental Build of configuration Debug for project testing ****
make all 
Building file: ../src/testing.cpp
Invoking: GCC C++ Compiler
g++ --std=c++1z -O0 -g3 -Wall -c -fmessage-length=0 -MMD -MP -MF"src/testing.d" -MT"src/testing.o" -o "src/testing.o" "../src/testing.cpp"
Finished building: ../src/testing.cpp
 
Building target: testing
Invoking: MacOS X C++ Linker
g++  -o "testing"  ./src/testing.o   
Finished building target: testing
 
13:25:05 **** Incremental Build of configuration Debug for project testing ****
make all 
Building file: ../src/testing.cpp
Invoking: GCC C++ Compiler
g++ --std=c++1z -O0 -g3 -Wall -c -fmessage-length=0 -MMD -MP -MF"src/testing.d" -MT"src/testing.o" -o "src/testing.o" "../src/testing.cpp"
Finished building: ../src/testing.cpp
 
Building target: testing
Invoking: MacOS X C++ Linker
g++  -o "testing"  ./src/testing.o   
Finished building target: testing
 
13:25:06 **** Incremental Build of configuration Debug for project testing ****
make all 
make: Nothing to be done for `all'.
13:25:41 **** Incremental Build of configuration Debug for project testing ****
make all 
Building file: ../src/testing.cpp
Invoking: GCC C++ Compiler
g++ --std=c++1z -O0 -g3 -Wall -c -fmessage-length=0 -MMD -MP -MF"src/testing.d" -MT"src/testing.o" -o "src/testing.o" "../src/testing.cpp"
Finished building: ../src/testing.cpp
 
Building target: testing
Invoking: MacOS X C++ Linker
g++  -o "testing"  ./src/testing.o   
Finished building target: testing
 
13:25:42 **** Incremental Build of configuration Debug for project testing ****
make all 
make: Nothing to be done for `all'.
13:27:05 **** Incremental Build of configuration Debug for project testing ****
make all 
Building file: ../src/testing.cpp
Invoking: GCC C++ Compiler
g++ --std=c++1z -O0 -g3 -Wall -c -fmessage-length=0 -MMD -MP -MF"src/testing.d" -MT"src/testing.o" -o "src/testing.o" "../src/testing.cpp"
Finished building: ../src/testing.cpp
 
Building target: testing
Invoking: MacOS X C++ Linker
g++  -o "testing"  ./src/testing.o   
Finished building target: testing
 
13:27:06 **** Incremental Build of configuration Debug for project testing ****
make all 
make: Nothing to be done for `all'.
13:43:48 **** Incremental Build of configuration Debug for project testing ****
make all 
Building file: ../src/testing.cpp
Invoking: GCC C++ Compiler
g++ --std=c++1z -O0 -g3 -Wall -c -fmessage-length=0 -MMD -MP -MF"src/testing.d" -MT"src/testing.o" -o "src/testing.o" "../src/testing.cpp"
../src/testing.cpp:64:8: warning: unused variable 'secondsChange' [-Wunused-variable]
        float secondsChange = 120 - passengersIn*10 - passengersOut*5;
              ^
../src/testing.cpp:105:1: warning: non-void function does not return a value [-Wreturn-type]
}
^
2 warnings generated.
Finished building: ../src/testing.cpp
 
Building target: testing
Invoking: MacOS X C++ Linker
g++  -o "testing"  ./src/testing.o   
Finished building target: testing
 
13:43:49 **** Incremental Build of configuration Debug for project testing ****
make all 
make: Nothing to be done for `all'.
13:44:28 **** Incremental Build of configuration Debug for project testing ****
make all 
Building file: ../src/testing.cpp
Invoking: GCC C++ Compiler
g++ --std=c++1z -O0 -g3 -Wall -c -fmessage-length=0 -MMD -MP -MF"src/testing.d" -MT"src/testing.o" -o "src/testing.o" "../src/testing.cpp"
../src/testing.cpp:64:8: warning: unused variable 'secondsChange' [-Wunused-variable]
        float secondsChange = 120 - passengersIn*10 - passengersOut*5;
              ^
../src/testing.cpp:105:1: warning: non-void function does not return a value [-Wreturn-type]
}
^
2 warnings generated.
Finished building: ../src/testing.cpp
 
Building target: testing
Invoking: MacOS X C++ Linker
g++  -o "testing"  ./src/testing.o   
Finished building target: testing
 
13:44:29 **** Incremental Build of configuration Debug for project testing ****
make all 
make: Nothing to be done for `all'.
13:44:57 **** Incremental Build of configuration Debug for project testing ****
make all 
Building file: ../src/testing.cpp
Invoking: GCC C++ Compiler
g++ --std=c++1z -O0 -g3 -Wall -c -fmessage-length=0 -MMD -MP -MF"src/testing.d" -MT"src/testing.o" -o "src/testing.o" "../src/testing.cpp"
../src/testing.cpp:64:8: warning: unused variable 'secondsChange' [-Wunused-variable]
        float secondsChange = 120 - passengersIn*10 - passengersOut*5;
              ^
../src/testing.cpp:105:1: warning: non-void function does not return a value [-Wreturn-type]
}
^
2 warnings generated.
Finished building: ../src/testing.cpp
 
Building target: testing
Invoking: MacOS X C++ Linker
g++  -o "testing"  ./src/testing.o   
Finished building target: testing
 
13:44:58 **** Incremental Build of configuration Debug for project testing ****
make all 
make: Nothing to be done for `all'.
13:47:03 **** Incremental Build of configuration Debug for project testing ****
make all 
Building file: ../src/testing.cpp
Invoking: GCC C++ Compiler
g++ --std=c++1z -O0 -g3 -Wall -c -fmessage-length=0 -MMD -MP -MF"src/testing.d" -MT"src/testing.o" -o "src/testing.o" "../src/testing.cpp"
../src/testing.cpp:64:8: warning: unused variable 'secondsChange' [-Wunused-variable]
        float secondsChange = 120 - passengersIn*10 - passengersOut*5;
              ^
../src/testing.cpp:105:1: warning: non-void function does not return a value [-Wreturn-type]
}
^
../src/testing.cpp:114:43: error: use of undeclared identifier 'setprecision'
        cout << "Totale Verpseatung dafr: " << setprecision(3) << pt.fStation(10,5))/60 << " Minuten." << endl;
                                                ^
../src/testing.cpp:114:79: error: expected ';' after expression
        cout << "Totale Verpseatung dafr: " << setprecision(3) << pt.fStation(10,5))/60 << " Minuten." << endl;
                                                                                    ^
                                                                                    ;
../src/testing.cpp:114:79: error: expected expression
2 warnings and 3 errors generated.
make: *** [src/testing.o] Error 1
"make all" terminated with exit code 2. Build might be incomplete.
13:47:39 **** Incremental Build of configuration Debug for project testing ****
make all 
Building file: ../src/testing.cpp
Invoking: GCC C++ Compiler
g++ --std=c++1z -O0 -g3 -Wall -c -fmessage-length=0 -MMD -MP -MF"src/testing.d" -MT"src/testing.o" -o "src/testing.o" "../src/testing.cpp"
../src/testing.cpp:65:8: warning: unused variable 'secondsChange' [-Wunused-variable]
        float secondsChange = 120 - passengersIn*10 - passengersOut*5;
              ^
../src/testing.cpp:106:1: warning: non-void function does not return a value [-Wreturn-type]
}
^
2 warnings generated.
Finished building: ../src/testing.cpp
 
Building target: testing
Invoking: MacOS X C++ Linker
g++  -o "testing"  ./src/testing.o   
Finished building target: testing
 
13:47:40 **** Incremental Build of configuration Debug for project testing ****
make all 
make: Nothing to be done for `all'.
15:09:36 **** Incremental Build of configuration Debug for project testing ****
make all 
Building file: ../src/testing.cpp
Invoking: GCC C++ Compiler
g++ --std=c++1z -O0 -g3 -Wall -c -fmessage-length=0 -MMD -MP -MF"src/testing.d" -MT"src/testing.o" -o "src/testing.o" "../src/testing.cpp"
../src/testing.cpp:70:25: error: expected ';' after return statement
        return secondsChange/60
                               ^
                               ;
../src/testing.cpp:117:65: error: 'p_fDelay' is a protected member of 'Train'
        cout << "Totale Verpseatung dafr: " << setprecision(3) << pt.p_fDelay << " Minuten." << endl;
                                                                      ^
../src/testing.cpp:18:9: note: declared protected here
                float p_fDelay = 0.0;
                      ^
2 errors generated.
make: *** [src/testing.o] Error 1
"make all" terminated with exit code 2. Build might be incomplete.
15:10:05 **** Incremental Build of configuration Debug for project testing ****
make all 
Building file: ../src/testing.cpp
Invoking: GCC C++ Compiler
g++ --std=c++1z -O0 -g3 -Wall -c -fmessage-length=0 -MMD -MP -MF"src/testing.d" -MT"src/testing.o" -o "src/testing.o" "../src/testing.cpp"
../src/testing.cpp:70:25: error: expected ';' after return statement
        return secondsChange/60
                               ^
                               ;
../src/testing.cpp:118:65: error: 'p_fDelay' is a protected member of 'Train'
        cout << "Totale Verpseatung dafr: " << setprecision(3) << pt.p_fDelay << " Minuten." << endl;
                                                                      ^
../src/testing.cpp:18:9: note: declared protected here
                float p_fDelay = 0.0;
                      ^
2 errors generated.
make: *** [src/testing.o] Error 1
"make all" terminated with exit code 2. Build might be incomplete.
15:13:29 **** Incremental Build of configuration Debug for project testing ****
make all 
Building file: ../src/testing.cpp
Invoking: GCC C++ Compiler
g++ --std=c++1z -O0 -g3 -Wall -c -fmessage-length=0 -MMD -MP -MF"src/testing.d" -MT"src/testing.o" -o "src/testing.o" "../src/testing.cpp"
../src/testing.cpp:114:1: warning: non-void function does not return a value [-Wreturn-type]
}
^
../src/testing.cpp:124:65: error: 'p_fDelay' is a protected member of 'Train'
        cout << "Totale Verpseatung dafr: " << setprecision(3) << pt.p_fDelay << " Minuten." << endl;
                                                                      ^
../src/testing.cpp:18:9: note: declared protected here
                float p_fDelay = 0.0;
                      ^
1 warning and 1 error generated.
make: *** [src/testing.o] Error 1
"make all" terminated with exit code 2. Build might be incomplete.
15:14:04 **** Incremental Build of configuration Debug for project testing ****
make all 
Building file: ../src/testing.cpp
Invoking: GCC C++ Compiler
g++ --std=c++1z -O0 -g3 -Wall -c -fmessage-length=0 -MMD -MP -MF"src/testing.d" -MT"src/testing.o" -o "src/testing.o" "../src/testing.cpp"
../src/testing.cpp:114:1: warning: non-void function does not return a value [-Wreturn-type]
}
^
1 warning generated.
Finished building: ../src/testing.cpp
 
Building target: testing
Invoking: MacOS X C++ Linker
g++  -o "testing"  ./src/testing.o   
Finished building target: testing
 
15:14:21 **** Incremental Build of configuration Debug for project testing ****
make all 
Building file: ../src/testing.cpp
Invoking: GCC C++ Compiler
g++ --std=c++1z -O0 -g3 -Wall -c -fmessage-length=0 -MMD -MP -MF"src/testing.d" -MT"src/testing.o" -o "src/testing.o" "../src/testing.cpp"
../src/testing.cpp:113:1: warning: non-void function does not return a value [-Wreturn-type]
}
^
1 warning generated.
Finished building: ../src/testing.cpp
 
Building target: testing
Invoking: MacOS X C++ Linker
g++  -o "testing"  ./src/testing.o   
Finished building target: testing
 
15:14:21 **** Incremental Build of configuration Debug for project testing ****
make all 
make: Nothing to be done for `all'.
15:14:28 **** Incremental Build of configuration Debug for project testing ****
make all 
Building file: ../src/testing.cpp
Invoking: GCC C++ Compiler
g++ --std=c++1z -O0 -g3 -Wall -c -fmessage-length=0 -MMD -MP -MF"src/testing.d" -MT"src/testing.o" -o "src/testing.o" "../src/testing.cpp"
../src/testing.cpp:113:1: warning: non-void function does not return a value [-Wreturn-type]
}
^
1 warning generated.
Finished building: ../src/testing.cpp
 
Building target: testing
Invoking: MacOS X C++ Linker
g++  -o "testing"  ./src/testing.o   
Finished building target: testing
 
15:14:28 **** Incremental Build of configuration Debug for project testing ****
make all 
make: Nothing to be done for `all'.
15:16:40 **** Incremental Build of configuration Debug for project testing ****
make all 
Building file: ../src/testing.cpp
Invoking: GCC C++ Compiler
g++ --std=c++1z -O0 -g3 -Wall -c -fmessage-length=0 -MMD -MP -MF"src/testing.d" -MT"src/testing.o" -o "src/testing.o" "../src/testing.cpp"
../src/testing.cpp:113:1: warning: non-void function does not return a value [-Wreturn-type]
}
^
1 warning generated.
Finished building: ../src/testing.cpp
 
Building target: testing
Invoking: MacOS X C++ Linker
g++  -o "testing"  ./src/testing.o   
Finished building target: testing
 
15:16:41 **** Incremental Build of configuration Debug for project testing ****
make all 
make: Nothing to be done for `all'.
15:25:32 **** Incremental Build of configuration Debug for project testing ****
make all 
Building file: ../src/testing.cpp
Invoking: GCC C++ Compiler
g++ --std=c++1z -O0 -g3 -Wall -c -fmessage-length=0 -MMD -MP -MF"src/testing.d" -MT"src/testing.o" -o "src/testing.o" "../src/testing.cpp"
../src/testing.cpp:112:21: error: out-of-line definition of 'fStation' does not match any declaration in 'FreightTrain'
float FreightTrain::fStation(float amount){
                    ^~~~~~~~
1 error generated.
make: *** [src/testing.o] Error 1
"make all" terminated with exit code 2. Build might be incomplete.
15:26:38 **** Incremental Build of configuration Debug for project testing ****
make all 
Building file: ../src/testing.cpp
Invoking: GCC C++ Compiler
g++ --std=c++1z -O0 -g3 -Wall -c -fmessage-length=0 -MMD -MP -MF"src/testing.d" -MT"src/testing.o" -o "src/testing.o" "../src/testing.cpp"
../src/testing.cpp:112:21: error: return type of out-of-line definition of 'FreightTrain::vLoadCharge' differs from that in the declaration
float FreightTrain::vLoadCharge(float amount){
~~~~~               ^
../src/testing.cpp:97:8: note: previous declaration is here
                void vLoadCharge(float amount);
                ~~~~ ^
1 error generated.
make: *** [src/testing.o] Error 1
"make all" terminated with exit code 2. Build might be incomplete.
15:26:56 **** Incremental Build of configuration Debug for project testing ****
make all 
Building file: ../src/testing.cpp
Invoking: GCC C++ Compiler
g++ --std=c++1z -O0 -g3 -Wall -c -fmessage-length=0 -MMD -MP -MF"src/testing.d" -MT"src/testing.o" -o "src/testing.o" "../src/testing.cpp"
Finished building: ../src/testing.cpp
 
Building target: testing
Invoking: MacOS X C++ Linker
g++  -o "testing"  ./src/testing.o   
Finished building target: testing
 
15:26:58 **** Incremental Build of configuration Debug for project testing ****
make all 
make: Nothing to be done for `all'.
14:41:08 **** Clean-only build of configuration Debug for project testing ****
make clean 
rm -rf ./src/testing.d ./src/testing.o
rm -rf testing
 
14:41:08 **** Incremental Build of configuration Debug for project testing ****
make all 
Building file: ../src/testing.cpp
Invoking: GCC C++ Compiler
g++ --std=c++1z -O0 -g3 -Wall -c -fmessage-length=0 -MMD -MP -MF"src/testing.d" -MT"src/testing.o" -o "src/testing.o" "../src/testing.cpp"
Finished building: ../src/testing.cpp
 
Building target: testing
Invoking: MacOS X C++ Linker
g++  -o "testing"  ./src/testing.o   
Finished building target: testing
 
14:41:10 **** Incremental Build of configuration Debug for project testing ****
make all 
make: Nothing to be done for `all'.
14:44:08 **** Incremental Build of configuration Debug for project testing ****
make all 
Building file: ../src/testing.cpp
Invoking: GCC C++ Compiler
g++ --std=c++1z -O0 -g3 -Wall -c -fmessage-length=0 -MMD -MP -MF"src/testing.d" -MT"src/testing.o" -o "src/testing.o" "../src/testing.cpp"
Finished building: ../src/testing.cpp
 
Building target: testing
Invoking: MacOS X C++ Linker
g++  -o "testing"  ./src/testing.o   
Finished building target: testing
 
14:44:10 **** Incremental Build of configuration Debug for project testing ****
make all 
make: Nothing to be done for `all'.
14:53:16 **** Incremental Build of configuration Debug for project testing ****
make all 
Building file: ../src/testing.cpp
Invoking: GCC C++ Compiler
g++ --std=c++1z -O0 -g3 -Wall -c -fmessage-length=0 -MMD -MP -MF"src/testing.d" -MT"src/testing.o" -o "src/testing.o" "../src/testing.cpp"
Finished building: ../src/testing.cpp
 
Building target: testing
Invoking: MacOS X C++ Linker
g++  -o "testing"  ./src/testing.o   
Finished building target: testing
 
14:53:17 **** Incremental Build of configuration Debug for project testing ****
make all 
make: Nothing to be done for `all'.
14:53:40 **** Incremental Build of configuration Debug for project testing ****
make all 
Building file: ../src/testing.cpp
Invoking: GCC C++ Compiler
g++ --std=c++1z -O0 -g3 -Wall -c -fmessage-length=0 -MMD -MP -MF"src/testing.d" -MT"src/testing.o" -o "src/testing.o" "../src/testing.cpp"
Finished building: ../src/testing.cpp
 
Building target: testing
Invoking: MacOS X C++ Linker
g++  -o "testing"  ./src/testing.o   
Finished building target: testing
 
14:53:41 **** Incremental Build of configuration Debug for project testing ****
make all 
make: Nothing to be done for `all'.
14:56:22 **** Incremental Build of configuration Debug for project testing ****
make all 
Building file: ../src/testing.cpp
Invoking: GCC C++ Compiler
g++ --std=c++1z -O0 -g3 -Wall -c -fmessage-length=0 -MMD -MP -MF"src/testing.d" -MT"src/testing.o" -o "src/testing.o" "../src/testing.cpp"
Finished building: ../src/testing.cpp
 
Building target: testing
Invoking: MacOS X C++ Linker
g++  -o "testing"  ./src/testing.o   
Finished building target: testing
 
14:56:22 **** Incremental Build of configuration Debug for project testing ****
make all 
make: Nothing to be done for `all'.
14:56:58 **** Incremental Build of configuration Debug for project testing ****
make all 
Building file: ../src/testing.cpp
Invoking: GCC C++ Compiler
g++ --std=c++1z -O0 -g3 -Wall -c -fmessage-length=0 -MMD -MP -MF"src/testing.d" -MT"src/testing.o" -o "src/testing.o" "../src/testing.cpp"
Finished building: ../src/testing.cpp
 
Building target: testing
Invoking: MacOS X C++ Linker
g++  -o "testing"  ./src/testing.o   
Finished building target: testing
 
14:56:59 **** Incremental Build of configuration Debug for project testing ****
make all 
make: Nothing to be done for `all'.
14:57:07 **** Incremental Build of configuration Debug for project testing ****
make all 
Building file: ../src/testing.cpp
Invoking: GCC C++ Compiler
g++ --std=c++1z -O0 -g3 -Wall -c -fmessage-length=0 -MMD -MP -MF"src/testing.d" -MT"src/testing.o" -o "src/testing.o" "../src/testing.cpp"
Finished building: ../src/testing.cpp
 
Building target: testing
Invoking: MacOS X C++ Linker
g++  -o "testing"  ./src/testing.o   
Finished building target: testing
 
14:57:07 **** Incremental Build of configuration Debug for project testing ****
make all 
make: Nothing to be done for `all'.
14:57:32 **** Incremental Build of configuration Debug for project testing ****
make all 
Building file: ../src/testing.cpp
Invoking: GCC C++ Compiler
g++ --std=c++1z -O0 -g3 -Wall -c -fmessage-length=0 -MMD -MP -MF"src/testing.d" -MT"src/testing.o" -o "src/testing.o" "../src/testing.cpp"
Finished building: ../src/testing.cpp
 
Building target: testing
Invoking: MacOS X C++ Linker
g++  -o "testing"  ./src/testing.o   
Finished building target: testing
 
14:57:33 **** Incremental Build of configuration Debug for project testing ****
make all 
make: Nothing to be done for `all'.
